2025-11-15 10:38:29,580 - INFO - Loaded model from /u201/a44chhab/research/chessml/ChessHacks-CLI/src/models/trained_model.pth
2025-11-15 10:38:31,295 - INFO - ================================================================================
2025-11-15 10:38:31,295 - INFO - Starting Overnight Training Loop
2025-11-15 10:38:31,295 - INFO - Device: cuda
2025-11-15 10:38:31,295 - INFO - Stockfish Depth: 12
2025-11-15 10:38:31,296 - INFO - Batch Size: 64
2025-11-15 10:38:31,296 - INFO - ================================================================================
2025-11-15 10:38:31,296 - INFO - 
--- Game 1 ---
2025-11-15 10:38:32,221 - INFO - Move 1: ChessEngine (White) plays e2e4 | Top MCTS moves: [('e2e4', 0.35353535353535354), ('a2a4', 0.20202020202020202), ('f2f4', 0.1111111111111111)]
2025-11-15 10:38:32,274 - INFO - Move 2: Stockfish (Black) plays e7e5
2025-11-15 10:38:32,756 - INFO - Move 3: ChessEngine (White) plays b2b4 | Top MCTS moves: [('b2b4', 0.16161616161616163), ('b2b3', 0.12121212121212122), ('g2g4', 0.12121212121212122)]
2025-11-15 10:38:32,774 - INFO - Move 4: Stockfish (Black) plays f8b4
2025-11-15 10:38:33,404 - INFO - Move 5: ChessEngine (White) plays g2g4 | Top MCTS moves: [('g2g4', 0.1414141414141414), ('g2g3', 0.12121212121212122), ('h2h3', 0.1111111111111111)]
2025-11-15 10:38:33,420 - INFO - Move 6: Stockfish (Black) plays g8f6
2025-11-15 10:38:34,007 - INFO - Move 7: ChessEngine (White) plays g1h3 | Top MCTS moves: [('g1h3', 0.10101010101010101), ('h2h3', 0.10101010101010101), ('c2c4', 0.10101010101010101)]
2025-11-15 10:38:34,014 - INFO - Move 8: Stockfish (Black) plays d7d5
2025-11-15 10:38:34,646 - INFO - Move 9: ChessEngine (White) plays e4d5 | Top MCTS moves: [('e4d5', 0.1414141414141414), ('h1g1', 0.13131313131313133), ('h3g1', 0.06060606060606061)]
2025-11-15 10:38:34,656 - INFO - Move 10: Stockfish (Black) plays c8g4
2025-11-15 10:38:35,457 - INFO - Move 11: ChessEngine (White) plays d1g4 | Top MCTS moves: [('d1g4', 0.23232323232323232), ('c2c3', 0.1111111111111111), ('h1g1', 0.0707070707070707)]
2025-11-15 10:38:35,460 - INFO - Move 12: Stockfish (Black) plays f6g4
2025-11-15 10:38:36,274 - INFO - Move 13: ChessEngine (White) plays f1b5 | Top MCTS moves: [('f1b5', 0.08080808080808081), ('h1g1', 0.0707070707070707), ('c1a3', 0.0707070707070707)]
2025-11-15 10:38:36,277 - INFO - Move 14: Stockfish (Black) plays c7c6
2025-11-15 10:38:37,150 - INFO - Move 15: ChessEngine (White) plays b5c6 | Top MCTS moves: [('b5c6', 0.15151515151515152), ('b5f1', 0.06060606060606061), ('b5a6', 0.050505050505050504)]
2025-11-15 10:38:37,154 - INFO - Move 16: Stockfish (Black) plays b7c6
2025-11-15 10:38:37,985 - INFO - Move 17: ChessEngine (White) plays h1f1 | Top MCTS moves: [('h1f1', 0.7373737373737373), ('e1d1', 0.0707070707070707), ('h3g5', 0.010101010101010102)]
2025-11-15 10:38:37,989 - INFO - Move 18: Stockfish (Black) plays g4h2
2025-11-15 10:38:38,720 - INFO - Move 19: ChessEngine (White) plays f2f3 | Top MCTS moves: [('f2f3', 0.8181818181818182), ('h3g5', 0.010101010101010102), ('h3f4', 0.010101010101010102)]
2025-11-15 10:38:38,724 - INFO - Move 20: Stockfish (Black) plays d8h4
2025-11-15 10:38:39,345 - INFO - Move 21: ChessEngine (White) plays e1d1 | Top MCTS moves: [('e1d1', 0.494949494949495), ('h3f2', 0.3434343434343434), ('f1f2', 0.16161616161616163)]
2025-11-15 10:38:39,350 - INFO - Move 22: Stockfish (Black) plays h4h3
2025-11-15 10:38:40,261 - INFO - Move 23: ChessEngine (White) plays c2c3 | Top MCTS moves: [('c2c3', 0.8181818181818182), ('f1f2', 0.010101010101010102), ('f1h1', 0.010101010101010102)]
2025-11-15 10:38:40,269 - INFO - Move 24: Stockfish (Black) plays h3f1
2025-11-15 10:38:40,916 - INFO - Move 25: ChessEngine (White) plays d1c2 | Top MCTS moves: [('d1c2', 1.0)]
2025-11-15 10:38:40,921 - INFO - Move 26: Stockfish (Black) plays f1g2
2025-11-15 10:38:41,600 - INFO - Move 27: ChessEngine (White) plays c2d1 | Top MCTS moves: [('c2d1', 0.8686868686868687), ('c2d3', 0.010101010101010102), ('c2b3', 0.010101010101010102)]
2025-11-15 10:38:41,606 - INFO - Move 28: Stockfish (Black) plays h2f3
2025-11-15 10:38:42,408 - INFO - Move 29: ChessEngine (White) plays b1a3 | Top MCTS moves: [('b1a3', 0.8888888888888888), ('d1c2', 0.010101010101010102), ('c1a3', 0.010101010101010102)]
2025-11-15 10:38:42,416 - INFO - Move 30: Stockfish (Black) plays g2h1
2025-11-15 10:38:43,141 - INFO - Move 31: ChessEngine (White) plays d1e2 | Top MCTS moves: [('d1e2', 0.5454545454545454), ('d1c2', 0.45454545454545453)]
2025-11-15 10:38:43,149 - INFO - Move 32: Stockfish (Black) plays h1h2
2025-11-15 10:38:43,807 - INFO - Move 33: ChessEngine (White) plays e2e3 | Top MCTS moves: [('e2e3', 0.6363636363636364), ('e2d1', 0.3333333333333333), ('e2f3', 0.010101010101010102)]
2025-11-15 10:38:43,811 - INFO - Move 34: Stockfish (Black) plays h2g2
2025-11-15 10:38:44,676 - INFO - Move 35: ChessEngine (White) plays a3b1 | Top MCTS moves: [('a3b1', 0.8686868686868687), ('e3e4', 0.010101010101010102), ('e3d3', 0.010101010101010102)]
2025-11-15 10:38:44,682 - INFO - Move 36: Stockfish (Black) plays c6d5
2025-11-15 10:38:45,421 - INFO - Move 37: ChessEngine (White) plays c3c4 | Top MCTS moves: [('c3c4', 0.6666666666666666), ('e3d3', 0.26262626262626265), ('c1a3', 0.010101010101010102)]
2025-11-15 10:38:45,425 - INFO - Move 38: Stockfish (Black) plays d5d4
2025-11-15 10:38:46,134 - INFO - Move 39: ChessEngine (White) plays e3e4 | Top MCTS moves: [('e3e4', 0.98989898989899), ('e3d3', 0.010101010101010102)]
2025-11-15 10:38:46,136 - INFO - Move 40: Stockfish (Black) plays f7f5
2025-11-15 10:38:46,911 - INFO - Move 41: ChessEngine (White) plays e4d5 | Top MCTS moves: [('e4d5', 0.98989898989899), ('e4d3', 0.010101010101010102), ('e4f5', 0.0)]
2025-11-15 10:38:46,913 - INFO - Move 42: Stockfish (Black) plays f3g5
2025-11-15 10:38:47,687 - INFO - Move 43: ChessEngine (White) plays d5e5 | Top MCTS moves: [('d5e5', 1.0)]
2025-11-15 10:38:47,689 - INFO - Move 44: Stockfish (Black) plays g2e4
2025-11-15 10:38:47,691 - INFO - Saved moves for game 1 to logs/moves_game_1_20251115_103847.txt
2025-11-15 10:38:47,691 - INFO - Game result: LOSS
2025-11-15 10:38:47,692 - INFO - 
--- Game 2 ---
2025-11-15 10:38:48,228 - INFO - Move 1: ChessEngine (White) plays e2e4 | Top MCTS moves: [('e2e4', 0.35353535353535354), ('a2a4', 0.20202020202020202), ('f2f4', 0.1111111111111111)]
2025-11-15 10:38:48,250 - INFO - Move 2: Stockfish (Black) plays e7e5
2025-11-15 10:38:48,770 - INFO - Move 3: ChessEngine (White) plays b2b4 | Top MCTS moves: [('b2b4', 0.16161616161616163), ('b2b3', 0.12121212121212122), ('g2g4', 0.12121212121212122)]
2025-11-15 10:38:48,779 - INFO - Move 4: Stockfish (Black) plays f8b4
2025-11-15 10:38:49,315 - INFO - Move 5: ChessEngine (White) plays g2g4 | Top MCTS moves: [('g2g4', 0.1414141414141414), ('g2g3', 0.12121212121212122), ('h2h3', 0.1111111111111111)]
2025-11-15 10:38:49,322 - INFO - Move 6: Stockfish (Black) plays g8f6
2025-11-15 10:38:49,892 - INFO - Move 7: ChessEngine (White) plays g1h3 | Top MCTS moves: [('g1h3', 0.10101010101010101), ('h2h3', 0.10101010101010101), ('c2c4', 0.10101010101010101)]
2025-11-15 10:38:49,895 - INFO - Move 8: Stockfish (Black) plays d7d5
2025-11-15 10:38:50,636 - INFO - Move 9: ChessEngine (White) plays e4d5 | Top MCTS moves: [('e4d5', 0.1414141414141414), ('h1g1', 0.13131313131313133), ('h3g1', 0.06060606060606061)]
2025-11-15 10:38:50,640 - INFO - Move 10: Stockfish (Black) plays c8g4
2025-11-15 10:38:51,444 - INFO - Move 11: ChessEngine (White) plays d1g4 | Top MCTS moves: [('d1g4', 0.23232323232323232), ('c2c3', 0.1111111111111111), ('h1g1', 0.0707070707070707)]
2025-11-15 10:38:51,446 - INFO - Move 12: Stockfish (Black) plays f6g4
2025-11-15 10:38:52,179 - INFO - Move 13: ChessEngine (White) plays f1b5 | Top MCTS moves: [('f1b5', 0.08080808080808081), ('h1g1', 0.0707070707070707), ('c1a3', 0.0707070707070707)]
2025-11-15 10:38:52,181 - INFO - Move 14: Stockfish (Black) plays c7c6
2025-11-15 10:38:53,149 - INFO - Move 15: ChessEngine (White) plays b5c6 | Top MCTS moves: [('b5c6', 0.15151515151515152), ('b5f1', 0.06060606060606061), ('b5a6', 0.050505050505050504)]
2025-11-15 10:38:53,152 - INFO - Move 16: Stockfish (Black) plays b7c6
2025-11-15 10:38:53,878 - INFO - Move 17: ChessEngine (White) plays h1f1 | Top MCTS moves: [('h1f1', 0.7373737373737373), ('e1d1', 0.0707070707070707), ('h3g5', 0.010101010101010102)]
2025-11-15 10:38:53,880 - INFO - Move 18: Stockfish (Black) plays g4h2
2025-11-15 10:38:54,706 - INFO - Move 19: ChessEngine (White) plays f2f3 | Top MCTS moves: [('f2f3', 0.8181818181818182), ('h3g5', 0.010101010101010102), ('h3f4', 0.010101010101010102)]
2025-11-15 10:38:54,708 - INFO - Move 20: Stockfish (Black) plays d8h4
2025-11-15 10:38:55,350 - INFO - Move 21: ChessEngine (White) plays e1d1 | Top MCTS moves: [('e1d1', 0.494949494949495), ('h3f2', 0.3434343434343434), ('f1f2', 0.16161616161616163)]
2025-11-15 10:38:55,353 - INFO - Move 22: Stockfish (Black) plays h4h3
2025-11-15 10:38:56,191 - INFO - Move 23: ChessEngine (White) plays c2c3 | Top MCTS moves: [('c2c3', 0.8181818181818182), ('f1f2', 0.010101010101010102), ('f1h1', 0.010101010101010102)]
2025-11-15 10:38:56,195 - INFO - Move 24: Stockfish (Black) plays h3f1
2025-11-15 10:38:56,842 - INFO - Move 25: ChessEngine (White) plays d1c2 | Top MCTS moves: [('d1c2', 1.0)]
2025-11-15 10:38:56,844 - INFO - Move 26: Stockfish (Black) plays f1g2
2025-11-15 10:38:57,619 - INFO - Move 27: ChessEngine (White) plays c2d1 | Top MCTS moves: [('c2d1', 0.8686868686868687), ('c2d3', 0.010101010101010102), ('c2b3', 0.010101010101010102)]
2025-11-15 10:38:57,622 - INFO - Move 28: Stockfish (Black) plays h2f3
2025-11-15 10:38:58,318 - INFO - Move 29: ChessEngine (White) plays b1a3 | Top MCTS moves: [('b1a3', 0.8888888888888888), ('d1c2', 0.010101010101010102), ('c1a3', 0.010101010101010102)]
2025-11-15 10:38:58,322 - INFO - Move 30: Stockfish (Black) plays g2h1
2025-11-15 10:38:59,061 - INFO - Move 31: ChessEngine (White) plays d1e2 | Top MCTS moves: [('d1e2', 0.5454545454545454), ('d1c2', 0.45454545454545453)]
2025-11-15 10:38:59,065 - INFO - Move 32: Stockfish (Black) plays h1h2
2025-11-15 10:38:59,714 - INFO - Move 33: ChessEngine (White) plays e2e3 | Top MCTS moves: [('e2e3', 0.6363636363636364), ('e2d1', 0.3333333333333333), ('e2f3', 0.010101010101010102)]
2025-11-15 10:38:59,716 - INFO - Move 34: Stockfish (Black) plays h2g2
2025-11-15 10:39:00,692 - INFO - Move 35: ChessEngine (White) plays a3b1 | Top MCTS moves: [('a3b1', 0.8686868686868687), ('e3e4', 0.010101010101010102), ('e3d3', 0.010101010101010102)]
2025-11-15 10:39:00,696 - INFO - Move 36: Stockfish (Black) plays c6d5
2025-11-15 10:39:01,374 - INFO - Move 37: ChessEngine (White) plays c3c4 | Top MCTS moves: [('c3c4', 0.6666666666666666), ('e3d3', 0.26262626262626265), ('c1a3', 0.010101010101010102)]
2025-11-15 10:39:01,376 - INFO - Move 38: Stockfish (Black) plays d5d4
2025-11-15 10:39:02,191 - INFO - Move 39: ChessEngine (White) plays e3e4 | Top MCTS moves: [('e3e4', 0.98989898989899), ('e3d3', 0.010101010101010102)]
2025-11-15 10:39:02,192 - INFO - Move 40: Stockfish (Black) plays f7f5
2025-11-15 10:39:02,881 - INFO - Move 41: ChessEngine (White) plays e4d5 | Top MCTS moves: [('e4d5', 0.98989898989899), ('e4d3', 0.010101010101010102), ('e4f5', 0.0)]
2025-11-15 10:39:02,882 - INFO - Move 42: Stockfish (Black) plays f3g5
2025-11-15 10:39:03,666 - INFO - Move 43: ChessEngine (White) plays d5e5 | Top MCTS moves: [('d5e5', 1.0)]
2025-11-15 10:39:03,667 - INFO - Move 44: Stockfish (Black) plays g2e4
2025-11-15 10:39:03,669 - INFO - Saved moves for game 2 to logs/moves_game_2_20251115_103903.txt
2025-11-15 10:39:03,669 - INFO - Game result: LOSS
2025-11-15 10:39:03,670 - INFO - 
--- Game 3 ---
2025-11-15 10:39:04,206 - INFO - Move 1: ChessEngine (White) plays e2e4 | Top MCTS moves: [('e2e4', 0.35353535353535354), ('a2a4', 0.20202020202020202), ('f2f4', 0.1111111111111111)]
2025-11-15 10:39:04,229 - INFO - Move 2: Stockfish (Black) plays e7e5
2025-11-15 10:39:04,760 - INFO - Move 3: ChessEngine (White) plays b2b4 | Top MCTS moves: [('b2b4', 0.16161616161616163), ('b2b3', 0.12121212121212122), ('g2g4', 0.12121212121212122)]
2025-11-15 10:39:04,768 - INFO - Move 4: Stockfish (Black) plays f8b4
2025-11-15 10:39:05,296 - INFO - Move 5: ChessEngine (White) plays g2g4 | Top MCTS moves: [('g2g4', 0.1414141414141414), ('g2g3', 0.12121212121212122), ('h2h3', 0.1111111111111111)]
2025-11-15 10:39:05,303 - INFO - Move 6: Stockfish (Black) plays g8f6
2025-11-15 10:39:05,876 - INFO - Move 7: ChessEngine (White) plays g1h3 | Top MCTS moves: [('g1h3', 0.10101010101010101), ('h2h3', 0.10101010101010101), ('c2c4', 0.10101010101010101)]
2025-11-15 10:39:05,880 - INFO - Move 8: Stockfish (Black) plays d7d5
2025-11-15 10:39:06,624 - INFO - Move 9: ChessEngine (White) plays e4d5 | Top MCTS moves: [('e4d5', 0.1414141414141414), ('h1g1', 0.13131313131313133), ('h3g1', 0.06060606060606061)]
2025-11-15 10:39:06,628 - INFO - Move 10: Stockfish (Black) plays c8g4
2025-11-15 10:39:07,436 - INFO - Move 11: ChessEngine (White) plays d1g4 | Top MCTS moves: [('d1g4', 0.23232323232323232), ('c2c3', 0.1111111111111111), ('h1g1', 0.0707070707070707)]
2025-11-15 10:39:07,438 - INFO - Move 12: Stockfish (Black) plays f6g4
2025-11-15 10:39:08,156 - INFO - Move 13: ChessEngine (White) plays f1b5 | Top MCTS moves: [('f1b5', 0.08080808080808081), ('h1g1', 0.0707070707070707), ('c1a3', 0.0707070707070707)]
2025-11-15 10:39:08,158 - INFO - Move 14: Stockfish (Black) plays c7c6
2025-11-15 10:39:09,029 - INFO - Move 15: ChessEngine (White) plays b5c6 | Top MCTS moves: [('b5c6', 0.15151515151515152), ('b5f1', 0.06060606060606061), ('b5a6', 0.050505050505050504)]
2025-11-15 10:39:09,031 - INFO - Move 16: Stockfish (Black) plays b7c6
2025-11-15 10:39:09,827 - INFO - Move 17: ChessEngine (White) plays h1f1 | Top MCTS moves: [('h1f1', 0.7373737373737373), ('e1d1', 0.0707070707070707), ('h3g5', 0.010101010101010102)]
2025-11-15 10:39:09,830 - INFO - Move 18: Stockfish (Black) plays g4h2
2025-11-15 10:39:10,645 - INFO - Move 19: ChessEngine (White) plays f2f3 | Top MCTS moves: [('f2f3', 0.8181818181818182), ('h3g5', 0.010101010101010102), ('h3f4', 0.010101010101010102)]
2025-11-15 10:39:10,647 - INFO - Move 20: Stockfish (Black) plays d8h4
2025-11-15 10:39:11,273 - INFO - Move 21: ChessEngine (White) plays e1d1 | Top MCTS moves: [('e1d1', 0.494949494949495), ('h3f2', 0.3434343434343434), ('f1f2', 0.16161616161616163)]
2025-11-15 10:39:11,276 - INFO - Move 22: Stockfish (Black) plays h4h3
2025-11-15 10:39:12,127 - INFO - Move 23: ChessEngine (White) plays c2c3 | Top MCTS moves: [('c2c3', 0.8181818181818182), ('f1f2', 0.010101010101010102), ('f1h1', 0.010101010101010102)]
2025-11-15 10:39:12,130 - INFO - Move 24: Stockfish (Black) plays h3f1
2025-11-15 10:39:12,862 - INFO - Move 25: ChessEngine (White) plays d1c2 | Top MCTS moves: [('d1c2', 1.0)]
2025-11-15 10:39:12,865 - INFO - Move 26: Stockfish (Black) plays f1g2
2025-11-15 10:39:13,549 - INFO - Move 27: ChessEngine (White) plays c2d1 | Top MCTS moves: [('c2d1', 0.8686868686868687), ('c2d3', 0.010101010101010102), ('c2b3', 0.010101010101010102)]
2025-11-15 10:39:13,552 - INFO - Move 28: Stockfish (Black) plays h2f3
2025-11-15 10:39:14,361 - INFO - Move 29: ChessEngine (White) plays b1a3 | Top MCTS moves: [('b1a3', 0.8888888888888888), ('d1c2', 0.010101010101010102), ('c1a3', 0.010101010101010102)]
2025-11-15 10:39:14,365 - INFO - Move 30: Stockfish (Black) plays g2h1
2025-11-15 10:39:14,996 - INFO - Move 31: ChessEngine (White) plays d1e2 | Top MCTS moves: [('d1e2', 0.5454545454545454), ('d1c2', 0.45454545454545453)]
2025-11-15 10:39:15,000 - INFO - Move 32: Stockfish (Black) plays h1h2
2025-11-15 10:39:15,769 - INFO - Move 33: ChessEngine (White) plays e2e3 | Top MCTS moves: [('e2e3', 0.6363636363636364), ('e2d1', 0.3333333333333333), ('e2f3', 0.010101010101010102)]
2025-11-15 10:39:15,771 - INFO - Move 34: Stockfish (Black) plays h2g2
2025-11-15 10:39:16,661 - INFO - Move 35: ChessEngine (White) plays a3b1 | Top MCTS moves: [('a3b1', 0.8686868686868687), ('e3e4', 0.010101010101010102), ('e3d3', 0.010101010101010102)]
2025-11-15 10:39:16,664 - INFO - Move 36: Stockfish (Black) plays c6d5
2025-11-15 10:39:17,325 - INFO - Move 37: ChessEngine (White) plays c3c4 | Top MCTS moves: [('c3c4', 0.6666666666666666), ('e3d3', 0.26262626262626265), ('c1a3', 0.010101010101010102)]
2025-11-15 10:39:17,327 - INFO - Move 38: Stockfish (Black) plays d5d4
2025-11-15 10:39:18,135 - INFO - Move 39: ChessEngine (White) plays e3e4 | Top MCTS moves: [('e3e4', 0.98989898989899), ('e3d3', 0.010101010101010102)]
2025-11-15 10:39:18,137 - INFO - Move 40: Stockfish (Black) plays f7f5
2025-11-15 10:39:18,810 - INFO - Move 41: ChessEngine (White) plays e4d5 | Top MCTS moves: [('e4d5', 0.98989898989899), ('e4d3', 0.010101010101010102), ('e4f5', 0.0)]
2025-11-15 10:39:18,811 - INFO - Move 42: Stockfish (Black) plays f3g5
2025-11-15 10:39:19,592 - INFO - Move 43: ChessEngine (White) plays d5e5 | Top MCTS moves: [('d5e5', 1.0)]
2025-11-15 10:39:19,593 - INFO - Move 44: Stockfish (Black) plays g2e4
2025-11-15 10:39:19,595 - INFO - Saved moves for game 3 to logs/moves_game_3_20251115_103919.txt
2025-11-15 10:39:19,595 - INFO - Game result: LOSS
2025-11-15 10:39:20,006 - INFO - Training step 1 | Loss: 5.4176 | Policy: 4.6451 | Value: 0.7725 | Weights synced to chess engine ✓
2025-11-15 10:39:20,007 - INFO - 
--- Game 4 ---
2025-11-15 10:39:20,528 - INFO - Move 1: ChessEngine (White) plays d2d3 | Top MCTS moves: [('d2d3', 0.15151515151515152), ('b1c3', 0.1414141414141414), ('b1a3', 0.13131313131313133)]
2025-11-15 10:39:20,562 - INFO - Move 2: Stockfish (Black) plays d7d5
2025-11-15 10:39:21,064 - INFO - Move 3: ChessEngine (White) plays a2a3 | Top MCTS moves: [('a2a3', 0.2828282828282828), ('b1a3', 0.1919191919191919), ('g2g3', 0.1919191919191919)]
2025-11-15 10:39:21,137 - INFO - Move 4: Stockfish (Black) plays g8f6
2025-11-15 10:39:21,644 - INFO - Move 5: ChessEngine (White) plays c1h6 | Top MCTS moves: [('c1h6', 0.40404040404040403), ('g2g3', 0.25252525252525254), ('e1d2', 0.1414141414141414)]
2025-11-15 10:39:21,648 - INFO - Move 6: Stockfish (Black) plays g7h6
2025-11-15 10:39:22,168 - INFO - Move 7: ChessEngine (White) plays g2g3 | Top MCTS moves: [('g2g3', 0.3939393939393939), ('b2b3', 0.25252525252525254), ('e1d2', 0.1717171717171717)]
2025-11-15 10:39:22,177 - INFO - Move 8: Stockfish (Black) plays f8g7
2025-11-15 10:39:22,853 - INFO - Move 9: ChessEngine (White) plays b2b3 | Top MCTS moves: [('b2b3', 0.43434343434343436), ('e1d2', 0.32323232323232326), ('c2c4', 0.04040404040404041)]
2025-11-15 10:39:22,862 - INFO - Move 10: Stockfish (Black) plays a7a6
2025-11-15 10:39:23,470 - INFO - Move 11: ChessEngine (White) plays e2e3 | Top MCTS moves: [('e2e3', 0.4444444444444444), ('e1d2', 0.2222222222222222), ('h2h3', 0.1414141414141414)]
2025-11-15 10:39:23,480 - INFO - Move 12: Stockfish (Black) plays c7c5
2025-11-15 10:39:24,254 - INFO - Move 13: ChessEngine (White) plays c2c4 | Top MCTS moves: [('c2c4', 0.3939393939393939), ('e1d2', 0.24242424242424243), ('h2h3', 0.1111111111111111)]
2025-11-15 10:39:24,261 - INFO - Move 14: Stockfish (Black) plays c8g4
2025-11-15 10:39:24,968 - INFO - Move 15: ChessEngine (White) plays f1g2 | Top MCTS moves: [('f1g2', 0.1717171717171717), ('h2h4', 0.1717171717171717), ('d1f3', 0.16161616161616163)]
2025-11-15 10:39:24,977 - INFO - Move 16: Stockfish (Black) plays e7e6
2025-11-15 10:39:25,822 - INFO - Move 17: ChessEngine (White) plays h2h4 | Top MCTS moves: [('h2h4', 0.21212121212121213), ('e1d2', 0.1919191919191919), ('g2f3', 0.1717171717171717)]
2025-11-15 10:39:25,826 - INFO - Move 18: Stockfish (Black) plays g4d1
2025-11-15 10:39:26,676 - INFO - Move 19: ChessEngine (White) plays d3d4 | Top MCTS moves: [('d3d4', 0.25252525252525254), ('h4h5', 0.24242424242424243), ('g2f3', 0.20202020202020202)]
2025-11-15 10:39:26,680 - INFO - Move 20: Stockfish (Black) plays c5d4
2025-11-15 10:39:27,668 - INFO - Move 21: ChessEngine (White) plays h4h5 | Top MCTS moves: [('h4h5', 0.5757575757575758), ('g2f3', 0.18181818181818182), ('g2d5', 0.010101010101010102)]
2025-11-15 10:39:27,672 - INFO - Move 22: Stockfish (Black) plays d1h5
2025-11-15 10:39:28,625 - INFO - Move 23: ChessEngine (White) plays h1h4 | Top MCTS moves: [('h1h4', 0.7373737373737373), ('g2f1', 0.020202020202020204), ('g2d5', 0.010101010101010102)]
2025-11-15 10:39:28,629 - INFO - Move 24: Stockfish (Black) plays d4e3
2025-11-15 10:39:29,448 - INFO - Move 25: ChessEngine (White) plays h4h1 | Top MCTS moves: [('h4h1', 0.7171717171717171), ('h4h5', 0.010101010101010102), ('h4g4', 0.010101010101010102)]
2025-11-15 10:39:29,453 - INFO - Move 26: Stockfish (Black) plays e3f2
2025-11-15 10:39:30,329 - INFO - Move 27: ChessEngine (White) plays e1d2 | Top MCTS moves: [('e1d2', 0.5252525252525253), ('e1f1', 0.46464646464646464), ('e1f2', 0.010101010101010102)]
2025-11-15 10:39:30,337 - INFO - Move 28: Stockfish (Black) plays d5c4
2025-11-15 10:39:31,151 - INFO - Move 29: ChessEngine (White) plays g2d5 | Top MCTS moves: [('g2d5', 0.47474747474747475), ('d2c2', 0.35353535353535354), ('d2e3', 0.15151515151515152)]
2025-11-15 10:39:31,154 - INFO - Move 30: Stockfish (Black) plays d8d5
2025-11-15 10:39:31,920 - INFO - Move 31: ChessEngine (White) plays d2c2 | Top MCTS moves: [('d2c2', 0.5656565656565656), ('d2e3', 0.41414141414141414), ('d2c3', 0.010101010101010102)]
2025-11-15 10:39:31,923 - INFO - Move 32: Stockfish (Black) plays d5d3
2025-11-15 10:39:32,796 - INFO - Move 33: ChessEngine (White) plays c2b2 | Top MCTS moves: [('c2b2', 1.0), ('c2c1', 0.0)]
2025-11-15 10:39:32,799 - INFO - Move 34: Stockfish (Black) plays f6e4
2025-11-15 10:39:33,512 - INFO - Move 35: ChessEngine (White) plays b1c3 | Top MCTS moves: [('b1c3', 0.40404040404040403), ('b2a2', 0.3333333333333333), ('b2c1', 0.26262626262626265)]
2025-11-15 10:39:33,515 - INFO - Move 36: Stockfish (Black) plays d3d2
2025-11-15 10:39:34,407 - INFO - Move 37: ChessEngine (White) plays b2b1 | Top MCTS moves: [('b2b1', 1.0)]
2025-11-15 10:39:34,409 - INFO - Move 38: Stockfish (Black) plays e4c3
2025-11-15 10:39:34,411 - INFO - Saved moves for game 4 to logs/moves_game_4_20251115_103934.txt
2025-11-15 10:39:34,411 - INFO - Game result: LOSS
2025-11-15 10:39:34,422 - INFO - Training step 2 | Loss: 2.3293 | Policy: 1.6906 | Value: 0.6387 | Weights synced to chess engine ✓
2025-11-15 10:39:34,422 - INFO - 
--- Game 5 ---
2025-11-15 10:39:35,061 - INFO - Move 1: ChessEngine (White) plays e2e4 | Top MCTS moves: [('e2e4', 0.3838383838383838), ('b2b4', 0.20202020202020202), ('b2b3', 0.09090909090909091)]
2025-11-15 10:39:35,113 - INFO - Move 2: Stockfish (Black) plays e7e5
2025-11-15 10:39:35,620 - INFO - Move 3: ChessEngine (White) plays d1g4 | Top MCTS moves: [('d1g4', 0.3939393939393939), ('d1f3', 0.37373737373737376), ('d1e2', 0.020202020202020204)]
2025-11-15 10:39:35,657 - INFO - Move 4: Stockfish (Black) plays g8f6
2025-11-15 10:39:36,171 - INFO - Move 5: ChessEngine (White) plays f1e2 | Top MCTS moves: [('f1e2', 0.6161616161616161), ('g4g7', 0.010101010101010102), ('g4d7', 0.010101010101010102)]
2025-11-15 10:39:36,175 - INFO - Move 6: Stockfish (Black) plays f6g4
2025-11-15 10:39:36,747 - INFO - Move 7: ChessEngine (White) plays a2a3 | Top MCTS moves: [('a2a3', 0.7373737373737373), ('e2a6', 0.010101010101010102), ('e2b5', 0.010101010101010102)]
2025-11-15 10:39:36,752 - INFO - Move 8: Stockfish (Black) plays g4f2
2025-11-15 10:39:37,472 - INFO - Move 9: ChessEngine (White) plays e1f2 | Top MCTS moves: [('e1f2', 0.7373737373737373), ('e2c4', 0.020202020202020204), ('e2a6', 0.010101010101010102)]
2025-11-15 10:39:37,477 - INFO - Move 10: Stockfish (Black) plays d7d5
2025-11-15 10:39:38,139 - INFO - Move 11: ChessEngine (White) plays g1f3 | Top MCTS moves: [('g1f3', 0.6666666666666666), ('f2e3', 0.050505050505050504), ('f2g3', 0.010101010101010102)]
2025-11-15 10:39:38,143 - INFO - Move 12: Stockfish (Black) plays d5e4
2025-11-15 10:39:38,982 - INFO - Move 13: ChessEngine (White) plays d2d3 | Top MCTS moves: [('d2d3', 0.6666666666666666), ('f3g5', 0.010101010101010102), ('f3e5', 0.010101010101010102)]
2025-11-15 10:39:38,987 - INFO - Move 14: Stockfish (Black) plays e4f3
2025-11-15 10:39:39,859 - INFO - Move 15: ChessEngine (White) plays h1g1 | Top MCTS moves: [('h1g1', 0.21212121212121213), ('h2h3', 0.1717171717171717), ('h1e1', 0.16161616161616163)]
2025-11-15 10:39:39,863 - INFO - Move 16: Stockfish (Black) plays f8c5
2025-11-15 10:39:41,012 - INFO - Move 17: ChessEngine (White) plays d3d4 | Top MCTS moves: [('d3d4', 0.47474747474747475), ('f2e1', 0.15151515151515152), ('c1e3', 0.15151515151515152)]
2025-11-15 10:39:41,014 - INFO - Move 18: Stockfish (Black) plays d8d4
2025-11-15 10:39:42,062 - INFO - Move 19: ChessEngine (White) plays c1e3 | Top MCTS moves: [('c1e3', 0.7676767676767676), ('f2e1', 0.21212121212121213), ('f2g3', 0.010101010101010102)]
2025-11-15 10:39:42,064 - INFO - Move 20: Stockfish (Black) plays d4e3
2025-11-15 10:39:42,892 - INFO - Move 21: ChessEngine (White) plays f2f1 | Top MCTS moves: [('f2f1', 0.6363636363636364), ('f2g3', 0.36363636363636365), ('f2e1', 0.0)]
2025-11-15 10:39:42,894 - INFO - Move 22: Stockfish (Black) plays e3g1
2025-11-15 10:39:42,896 - INFO - Saved moves for game 5 to logs/moves_game_5_20251115_103942.txt
2025-11-15 10:39:42,896 - INFO - Game result: LOSS
2025-11-15 10:39:42,908 - INFO - Training step 3 | Loss: 2.0919 | Policy: 1.5624 | Value: 0.5295 | Weights synced to chess engine ✓
2025-11-15 10:39:42,908 - INFO - 
--- Game 6 ---
2025-11-15 10:39:43,427 - INFO - Move 1: ChessEngine (White) plays e2e4 | Top MCTS moves: [('e2e4', 0.24242424242424243), ('b2b4', 0.1717171717171717), ('b2b3', 0.16161616161616163)]
2025-11-15 10:39:43,462 - INFO - Move 2: Stockfish (Black) plays e7e5
2025-11-15 10:39:44,052 - INFO - Move 3: ChessEngine (White) plays d1g4 | Top MCTS moves: [('d1g4', 0.29292929292929293), ('d1f3', 0.2727272727272727), ('d1h5', 0.26262626262626265)]
2025-11-15 10:39:44,089 - INFO - Move 4: Stockfish (Black) plays g8f6
2025-11-15 10:39:44,603 - INFO - Move 5: ChessEngine (White) plays f1e2 | Top MCTS moves: [('f1e2', 0.6161616161616161), ('g4g7', 0.010101010101010102), ('g4d7', 0.010101010101010102)]
2025-11-15 10:39:44,607 - INFO - Move 6: Stockfish (Black) plays f6g4
2025-11-15 10:39:45,179 - INFO - Move 7: ChessEngine (White) plays e1f1 | Top MCTS moves: [('e1f1', 0.4444444444444444), ('e2a6', 0.30303030303030304), ('e2b5', 0.010101010101010102)]
2025-11-15 10:39:45,182 - INFO - Move 8: Stockfish (Black) plays g4f2
2025-11-15 10:39:45,891 - INFO - Move 9: ChessEngine (White) plays e2c4 | Top MCTS moves: [('e2c4', 0.4444444444444444), ('e2h5', 0.25252525252525254), ('e2a6', 0.0707070707070707)]
2025-11-15 10:39:45,894 - INFO - Move 10: Stockfish (Black) plays d8f6
2025-11-15 10:39:46,574 - INFO - Move 11: ChessEngine (White) plays a2a3 | Top MCTS moves: [('a2a3', 0.3838383838383838), ('c4f7', 0.1414141414141414), ('f1e1', 0.08080808080808081)]
2025-11-15 10:39:46,579 - INFO - Move 12: Stockfish (Black) plays f2h1
2025-11-15 10:39:47,296 - INFO - Move 13: ChessEngine (White) plays f1e2 | Top MCTS moves: [('f1e2', 0.5151515151515151), ('f1e1', 0.47474747474747475), ('g1f3', 0.010101010101010102)]
2025-11-15 10:39:47,301 - INFO - Move 14: Stockfish (Black) plays f6f2
2025-11-15 10:39:47,966 - INFO - Move 15: ChessEngine (White) plays e2d1 | Top MCTS moves: [('e2d1', 0.5151515151515151), ('e2d3', 0.48484848484848486)]
2025-11-15 10:39:47,971 - INFO - Move 16: Stockfish (Black) plays f2g1
2025-11-15 10:39:48,682 - INFO - Move 17: ChessEngine (White) plays c4f1 | Top MCTS moves: [('c4f1', 0.6767676767676768), ('d1e2', 0.32323232323232326)]
2025-11-15 10:39:48,684 - INFO - Move 18: Stockfish (Black) plays g1f1
2025-11-15 10:39:48,686 - INFO - Saved moves for game 6 to logs/moves_game_6_20251115_103948.txt
2025-11-15 10:39:48,686 - INFO - Game result: LOSS
2025-11-15 10:39:48,699 - INFO - Training step 4 | Loss: 2.0319 | Policy: 1.5422 | Value: 0.4897 | Weights synced to chess engine ✓
2025-11-15 10:39:48,699 - INFO - 
--- Game 7 ---
2025-11-15 10:39:49,222 - INFO - Move 1: ChessEngine (White) plays e2e4 | Top MCTS moves: [('e2e4', 0.20202020202020202), ('b2b3', 0.1919191919191919), ('g2g3', 0.16161616161616163)]
2025-11-15 10:39:49,274 - INFO - Move 2: Stockfish (Black) plays e7e5
2025-11-15 10:39:49,828 - INFO - Move 3: ChessEngine (White) plays d1f3 | Top MCTS moves: [('d1f3', 0.31313131313131315), ('d1g4', 0.2828282828282828), ('d1h5', 0.2727272727272727)]
2025-11-15 10:39:49,888 - INFO - Move 4: Stockfish (Black) plays g8f6
2025-11-15 10:39:50,422 - INFO - Move 5: ChessEngine (White) plays f3d3 | Top MCTS moves: [('f3d3', 0.4444444444444444), ('f3c3', 0.2222222222222222), ('f3f6', 0.010101010101010102)]
2025-11-15 10:39:50,454 - INFO - Move 6: Stockfish (Black) plays b8c6
2025-11-15 10:39:51,025 - INFO - Move 7: ChessEngine (White) plays d3f3 | Top MCTS moves: [('d3f3', 0.5454545454545454), ('d3e3', 0.13131313131313133), ('d3d7', 0.010101010101010102)]
2025-11-15 10:39:51,049 - INFO - Move 8: Stockfish (Black) plays d7d5
2025-11-15 10:39:51,789 - INFO - Move 9: ChessEngine (White) plays b1a3 | Top MCTS moves: [('b1a3', 0.6262626262626263), ('f3f6', 0.010101010101010102), ('f3h5', 0.010101010101010102)]
2025-11-15 10:39:51,795 - INFO - Move 10: Stockfish (Black) plays d5e4
2025-11-15 10:39:52,598 - INFO - Move 11: ChessEngine (White) plays f3g3 | Top MCTS moves: [('f3g3', 0.6363636363636364), ('f3f6', 0.010101010101010102), ('f3h5', 0.010101010101010102)]
2025-11-15 10:39:52,604 - INFO - Move 12: Stockfish (Black) plays f8d6
2025-11-15 10:39:53,312 - INFO - Move 13: ChessEngine (White) plays f1d3 | Top MCTS moves: [('f1d3', 0.6363636363636364), ('g3g7', 0.010101010101010102), ('g3g6', 0.010101010101010102)]
2025-11-15 10:39:53,315 - INFO - Move 14: Stockfish (Black) plays e4d3
2025-11-15 10:39:54,164 - INFO - Move 15: ChessEngine (White) plays a1b1 | Top MCTS moves: [('a1b1', 0.7171717171717171), ('g3g7', 0.010101010101010102), ('g3g6', 0.010101010101010102)]
2025-11-15 10:39:54,168 - INFO - Move 16: Stockfish (Black) plays e5e4
2025-11-15 10:39:55,031 - INFO - Move 17: ChessEngine (White) plays e1d1 | Top MCTS moves: [('e1d1', 0.7171717171717171), ('g3g7', 0.010101010101010102), ('g3g6', 0.010101010101010102)]
2025-11-15 10:39:55,033 - INFO - Move 18: Stockfish (Black) plays d6g3
2025-11-15 10:39:55,858 - INFO - Move 19: ChessEngine (White) plays b1a1 | Top MCTS moves: [('b1a1', 0.8282828282828283), ('a3b5', 0.010101010101010102), ('a3c4', 0.010101010101010102)]
2025-11-15 10:39:55,860 - INFO - Move 20: Stockfish (Black) plays d3c2
2025-11-15 10:39:56,528 - INFO - Move 21: ChessEngine (White) plays d1e1 | Top MCTS moves: [('d1e1', 0.494949494949495), ('a3c2', 0.2727272727272727), ('d1c2', 0.2222222222222222)]
2025-11-15 10:39:56,530 - INFO - Move 22: Stockfish (Black) plays g3f2
2025-11-15 10:39:57,173 - INFO - Move 23: ChessEngine (White) plays e1f1 | Top MCTS moves: [('e1f1', 0.5353535353535354), ('e1e2', 0.46464646464646464), ('e1f2', 0.0)]
2025-11-15 10:39:57,176 - INFO - Move 24: Stockfish (Black) plays f2h4
2025-11-15 10:39:57,992 - INFO - Move 25: ChessEngine (White) plays a1b1 | Top MCTS moves: [('a1b1', 0.8484848484848485), ('a3b5', 0.010101010101010102), ('a3c4', 0.010101010101010102)]
2025-11-15 10:39:57,995 - INFO - Move 26: Stockfish (Black) plays c2b1b
2025-11-15 10:39:58,903 - INFO - Move 27: ChessEngine (White) plays d2d3 | Top MCTS moves: [('d2d3', 0.8585858585858586), ('a3b5', 0.010101010101010102), ('a3c4', 0.010101010101010102)]
2025-11-15 10:39:58,904 - INFO - Move 28: Stockfish (Black) plays d8d3
2025-11-15 10:39:59,772 - INFO - Move 29: ChessEngine (White) plays g1e2 | Top MCTS moves: [('g1e2', 1.0)]
2025-11-15 10:39:59,773 - INFO - Move 30: Stockfish (Black) plays d3d1
2025-11-15 10:39:59,775 - INFO - Saved moves for game 7 to logs/moves_game_7_20251115_103959.txt
2025-11-15 10:39:59,775 - INFO - Game result: LOSS
2025-11-15 10:39:59,789 - INFO - Training step 5 | Loss: 1.5815 | Policy: 1.2008 | Value: 0.3807 | Weights synced to chess engine ✓
2025-11-15 10:39:59,789 - INFO - 
--- Game 8 ---
2025-11-15 10:40:00,427 - INFO - Move 1: ChessEngine (White) plays h2h3 | Top MCTS moves: [('h2h3', 0.25252525252525254), ('g1h3', 0.15151515151515152), ('b1a3', 0.15151515151515152)]
2025-11-15 10:40:00,478 - INFO - Move 2: Stockfish (Black) plays e7e5
2025-11-15 10:40:00,932 - INFO - Move 3: ChessEngine (White) plays h1h2 | Top MCTS moves: [('h1h2', 0.20202020202020202), ('b1a3', 0.20202020202020202), ('b1c3', 0.16161616161616163)]
2025-11-15 10:40:00,971 - INFO - Move 4: Stockfish (Black) plays b8c6
2025-11-15 10:40:01,360 - INFO - Move 5: ChessEngine (White) plays b1c3 | Top MCTS moves: [('b1c3', 0.2222222222222222), ('h2h1', 0.21212121212121213), ('b1a3', 0.18181818181818182)]
2025-11-15 10:40:01,386 - INFO - Move 6: Stockfish (Black) plays d7d5
2025-11-15 10:40:01,907 - INFO - Move 7: ChessEngine (White) plays a1b1 | Top MCTS moves: [('a1b1', 0.41414141414141414), ('c3e4', 0.15151515151515152), ('h2h1', 0.10101010101010101)]
2025-11-15 10:40:01,921 - INFO - Move 8: Stockfish (Black) plays d5d4
2025-11-15 10:40:02,445 - INFO - Move 9: ChessEngine (White) plays f2f4 | Top MCTS moves: [('f2f4', 0.2222222222222222), ('h2h1', 0.20202020202020202), ('a2a4', 0.20202020202020202)]
2025-11-15 10:40:02,451 - INFO - Move 10: Stockfish (Black) plays d4c3
2025-11-15 10:40:03,135 - INFO - Move 11: ChessEngine (White) plays f4e5 | Top MCTS moves: [('f4e5', 0.5858585858585859), ('e1f2', 0.25252525252525254), ('h2h1', 0.010101010101010102)]
2025-11-15 10:40:03,142 - INFO - Move 12: Stockfish (Black) plays c3d2
2025-11-15 10:40:03,767 - INFO - Move 13: ChessEngine (White) plays d1d2 | Top MCTS moves: [('d1d2', 0.5656565656565656), ('e1f2', 0.43434343434343436), ('c1d2', 0.0)]
2025-11-15 10:40:03,780 - INFO - Move 14: Stockfish (Black) plays d8h4
2025-11-15 10:40:04,723 - INFO - Move 15: ChessEngine (White) plays g2g3 | Top MCTS moves: [('g2g3', 0.98989898989899), ('e1d1', 0.010101010101010102)]
2025-11-15 10:40:04,732 - INFO - Move 16: Stockfish (Black) plays h4g3
2025-11-15 10:40:05,604 - INFO - Move 17: ChessEngine (White) plays h2f2 | Top MCTS moves: [('h2f2', 0.98989898989899), ('e1d1', 0.010101010101010102)]
2025-11-15 10:40:05,610 - INFO - Move 18: Stockfish (Black) plays c8e6
2025-11-15 10:40:06,598 - INFO - Move 19: ChessEngine (White) plays d2f4 | Top MCTS moves: [('d2f4', 0.7373737373737373), ('d2d8', 0.010101010101010102), ('d2d7', 0.010101010101010102)]
2025-11-15 10:40:06,604 - INFO - Move 20: Stockfish (Black) plays g3f4
2025-11-15 10:40:07,445 - INFO - Move 21: ChessEngine (White) plays c1f4 | Top MCTS moves: [('c1f4', 0.8080808080808081), ('f2f4', 0.010101010101010102), ('f2f3', 0.010101010101010102)]
2025-11-15 10:40:07,477 - INFO - Move 22: Stockfish (Black) plays g8e7
2025-11-15 10:40:08,429 - INFO - Move 23: ChessEngine (White) plays f4g3 | Top MCTS moves: [('f4g3', 0.7474747474747475), ('f4h6', 0.010101010101010102), ('f4g5', 0.010101010101010102)]
2025-11-15 10:40:08,436 - INFO - Move 24: Stockfish (Black) plays e7g6
2025-11-15 10:40:09,569 - INFO - Move 25: ChessEngine (White) plays a2a3 | Top MCTS moves: [('a2a3', 0.7474747474747475), ('g3h4', 0.010101010101010102), ('g3f4', 0.010101010101010102)]
2025-11-15 10:40:09,576 - INFO - Move 26: Stockfish (Black) plays e8c8
2025-11-15 10:40:10,594 - INFO - Move 27: ChessEngine (White) plays b1c1 | Top MCTS moves: [('b1c1', 0.7777777777777778), ('g3h4', 0.010101010101010102), ('g3f4', 0.010101010101010102)]
2025-11-15 10:40:10,603 - INFO - Move 28: Stockfish (Black) plays f8e7
2025-11-15 10:40:11,690 - INFO - Move 29: ChessEngine (White) plays e2e4 | Top MCTS moves: [('e2e4', 0.7777777777777778), ('g3h4', 0.010101010101010102), ('g3f4', 0.010101010101010102)]
2025-11-15 10:40:11,697 - INFO - Move 30: Stockfish (Black) plays g6f8
2025-11-15 10:40:13,009 - INFO - Move 31: ChessEngine (White) plays f1d3 | Top MCTS moves: [('f1d3', 0.7070707070707071), ('g3h4', 0.010101010101010102), ('g3f4', 0.010101010101010102)]
2025-11-15 10:40:13,020 - INFO - Move 32: Stockfish (Black) plays h7h5
2025-11-15 10:40:14,379 - INFO - Move 33: ChessEngine (White) plays g3f4 | Top MCTS moves: [('g3f4', 0.6767676767676768), ('g3h4', 0.010101010101010102), ('g3h2', 0.010101010101010102)]
2025-11-15 10:40:14,387 - INFO - Move 34: Stockfish (Black) plays e6d7
2025-11-15 10:40:15,580 - INFO - Move 35: ChessEngine (White) plays f4d2 | Top MCTS moves: [('f4d2', 0.6767676767676768), ('f4h6', 0.010101010101010102), ('f4g5', 0.010101010101010102)]
2025-11-15 10:40:15,587 - INFO - Move 36: Stockfish (Black) plays d7e8
2025-11-15 10:40:16,960 - INFO - Move 37: ChessEngine (White) plays e5e6 | Top MCTS moves: [('e5e6', 0.5151515151515151), ('f2g2', 0.30303030303030304), ('d3a6', 0.010101010101010102)]
2025-11-15 10:40:16,970 - INFO - Move 38: Stockfish (Black) plays f7f6
2025-11-15 10:40:18,395 - INFO - Move 39: ChessEngine (White) plays e4e5 | Top MCTS moves: [('e4e5', 0.5050505050505051), ('f2g2', 0.31313131313131315), ('d3a6', 0.010101010101010102)]
2025-11-15 10:40:18,405 - INFO - Move 40: Stockfish (Black) plays f8e6
2025-11-15 10:40:19,961 - INFO - Move 41: ChessEngine (White) plays e5f6 | Top MCTS moves: [('e5f6', 0.6464646464646465), ('d3h7', 0.010101010101010102), ('d3g6', 0.010101010101010102)]
2025-11-15 10:40:19,966 - INFO - Move 42: Stockfish (Black) plays e7f6
2025-11-15 10:40:21,551 - INFO - Move 43: ChessEngine (White) plays f2f6 | Top MCTS moves: [('f2f6', 0.6060606060606061), ('a3a4', 0.030303030303030304), ('d3h7', 0.010101010101010102)]
2025-11-15 10:40:21,555 - INFO - Move 44: Stockfish (Black) plays g7f6
2025-11-15 10:40:22,880 - INFO - Move 45: ChessEngine (White) plays h3h4 | Top MCTS moves: [('h3h4', 0.696969696969697), ('d3h7', 0.010101010101010102), ('d3g6', 0.010101010101010102)]
2025-11-15 10:40:22,884 - INFO - Move 46: Stockfish (Black) plays c6e5
2025-11-15 10:40:24,478 - INFO - Move 47: ChessEngine (White) plays c2c4 | Top MCTS moves: [('c2c4', 0.5757575757575758), ('a3a4', 0.13131313131313133), ('d3h7', 0.010101010101010102)]
2025-11-15 10:40:24,482 - INFO - Move 48: Stockfish (Black) plays e5d3
2025-11-15 10:40:25,501 - INFO - Move 49: ChessEngine (White) plays e1f1 | Top MCTS moves: [('e1f1', 0.5454545454545454), ('e1d1', 0.45454545454545453), ('e1e2', 0.0)]
2025-11-15 10:40:25,505 - INFO - Move 50: Stockfish (Black) plays d3c1
2025-11-15 10:40:26,782 - INFO - Move 51: ChessEngine (White) plays c4c5 | Top MCTS moves: [('c4c5', 0.8181818181818182), ('d2h6', 0.010101010101010102), ('d2g5', 0.010101010101010102)]
2025-11-15 10:40:26,790 - INFO - Move 52: Stockfish (Black) plays e8b5
2025-11-15 10:40:27,815 - INFO - Move 53: ChessEngine (White) plays f1e1 | Top MCTS moves: [('f1e1', 0.47474747474747475), ('f1f2', 0.3838383838383838), ('g1e2', 0.13131313131313133)]
2025-11-15 10:40:27,823 - INFO - Move 54: Stockfish (Black) plays c1d3
2025-11-15 10:40:28,895 - INFO - Move 55: ChessEngine (White) plays e1f1 | Top MCTS moves: [('e1f1', 0.5555555555555556), ('e1e2', 0.43434343434343436), ('e1d1', 0.010101010101010102)]
2025-11-15 10:40:28,900 - INFO - Move 56: Stockfish (Black) plays d3c5
2025-11-15 10:40:29,949 - INFO - Move 57: ChessEngine (White) plays f1e1 | Top MCTS moves: [('f1e1', 0.48484848484848486), ('f1f2', 0.40404040404040403), ('f1g2', 0.10101010101010101)]
2025-11-15 10:40:29,954 - INFO - Move 58: Stockfish (Black) plays h8e8
2025-11-15 10:40:31,154 - INFO - Move 59: ChessEngine (White) plays a3a4 | Top MCTS moves: [('a3a4', 0.8484848484848485), ('d2h6', 0.010101010101010102), ('d2g5', 0.010101010101010102)]
2025-11-15 10:40:31,159 - INFO - Move 60: Stockfish (Black) plays e6f4
2025-11-15 10:40:31,988 - INFO - Move 61: ChessEngine (White) plays d2e3 | Top MCTS moves: [('d2e3', 0.5050505050505051), ('g1e2', 0.47474747474747475), ('e1f2', 0.010101010101010102)]
2025-11-15 10:40:31,993 - INFO - Move 62: Stockfish (Black) plays b5c6
2025-11-15 10:40:32,961 - INFO - Move 63: ChessEngine (White) plays a4a5 | Top MCTS moves: [('a4a5', 0.9292929292929293), ('g1h3', 0.010101010101010102), ('g1f3', 0.010101010101010102)]
2025-11-15 10:40:32,967 - INFO - Move 64: Stockfish (Black) plays e8e3
2025-11-15 10:40:33,753 - INFO - Move 65: ChessEngine (White) plays g1e2 | Top MCTS moves: [('g1e2', 0.8484848484848485), ('e1f1', 0.1414141414141414), ('e1f2', 0.010101010101010102)]
2025-11-15 10:40:33,755 - INFO - Move 66: Stockfish (Black) plays e3e2
2025-11-15 10:40:34,385 - INFO - Move 67: ChessEngine (White) plays e1f1 | Top MCTS moves: [('e1f1', 1.0)]
2025-11-15 10:40:34,387 - INFO - Move 68: Stockfish (Black) plays d8d1
2025-11-15 10:40:34,389 - INFO - Saved moves for game 8 to logs/moves_game_8_20251115_104034.txt
2025-11-15 10:40:34,389 - INFO - Game result: LOSS
2025-11-15 10:40:34,404 - INFO - Training step 6 | Loss: 2.5611 | Policy: 2.2412 | Value: 0.3199 | Weights synced to chess engine ✓
2025-11-15 10:40:34,404 - INFO - 
--- Game 9 ---
2025-11-15 10:40:35,036 - INFO - Move 1: ChessEngine (White) plays h2h3 | Top MCTS moves: [('h2h3', 0.24242424242424243), ('g1h3', 0.23232323232323232), ('h2h4', 0.15151515151515152)]
2025-11-15 10:40:35,086 - INFO - Move 2: Stockfish (Black) plays e7e5
2025-11-15 10:40:35,459 - INFO - Move 3: ChessEngine (White) plays c2c3 | Top MCTS moves: [('c2c3', 0.15151515151515152), ('h1h2', 0.1414141414141414), ('b1c3', 0.12121212121212122)]
2025-11-15 10:40:35,522 - INFO - Move 4: Stockfish (Black) plays d7d5
2025-11-15 10:40:36,024 - INFO - Move 5: ChessEngine (White) plays d1b3 | Top MCTS moves: [('d1b3', 0.4444444444444444), ('h1h2', 0.23232323232323232), ('d1a4', 0.10101010101010101)]
2025-11-15 10:40:36,079 - INFO - Move 6: Stockfish (Black) plays b8c6
2025-11-15 10:40:36,739 - INFO - Move 7: ChessEngine (White) plays b3b7 | Top MCTS moves: [('b3b7', 0.5151515151515151), ('h1h2', 0.32323232323232326), ('b3b6', 0.010101010101010102)]
2025-11-15 10:40:36,741 - INFO - Move 8: Stockfish (Black) plays c8b7
2025-11-15 10:40:37,292 - INFO - Move 9: ChessEngine (White) plays h1h2 | Top MCTS moves: [('h1h2', 0.3939393939393939), ('d2d4', 0.37373737373737376), ('f2f4', 0.1111111111111111)]
2025-11-15 10:40:37,294 - INFO - Move 10: Stockfish (Black) plays g8f6
2025-11-15 10:40:37,871 - INFO - Move 11: ChessEngine (White) plays d2d4 | Top MCTS moves: [('d2d4', 0.40404040404040403), ('h2h1', 0.30303030303030304), ('b2b4', 0.15151515151515152)]
2025-11-15 10:40:37,873 - INFO - Move 12: Stockfish (Black) plays e5d4
2025-11-15 10:40:38,516 - INFO - Move 13: ChessEngine (White) plays c1f4 | Top MCTS moves: [('c1f4', 0.5959595959595959), ('h2h1', 0.1919191919191919), ('g1f3', 0.010101010101010102)]
2025-11-15 10:40:38,518 - INFO - Move 14: Stockfish (Black) plays f8d6
2025-11-15 10:40:39,347 - INFO - Move 15: ChessEngine (White) plays b1d2 | Top MCTS moves: [('b1d2', 0.6161616161616161), ('b2b4', 0.1414141414141414), ('f4h6', 0.010101010101010102)]
2025-11-15 10:40:39,349 - INFO - Move 16: Stockfish (Black) plays d6f4
2025-11-15 10:40:40,130 - INFO - Move 17: ChessEngine (White) plays e1c1 | Top MCTS moves: [('e1c1', 0.7676767676767676), ('h2h1', 0.010101010101010102), ('d2e4', 0.010101010101010102)]
2025-11-15 10:40:40,133 - INFO - Move 18: Stockfish (Black) plays f4d2
2025-11-15 10:40:40,902 - INFO - Move 19: ChessEngine (White) plays d1d2 | Top MCTS moves: [('d1d2', 0.3838383838383838), ('c1c2', 0.37373737373737376), ('c1b1', 0.23232323232323232)]
2025-11-15 10:40:40,905 - INFO - Move 20: Stockfish (Black) plays d4c3
2025-11-15 10:40:41,637 - INFO - Move 21: ChessEngine (White) plays a2a4 | Top MCTS moves: [('a2a4', 0.7878787878787878), ('h2h1', 0.010101010101010102), ('d2d5', 0.010101010101010102)]
2025-11-15 10:40:41,639 - INFO - Move 22: Stockfish (Black) plays c3d2
2025-11-15 10:40:42,225 - INFO - Move 23: ChessEngine (White) plays c1b1 | Top MCTS moves: [('c1b1', 0.3939393939393939), ('c1c2', 0.3434343434343434), ('c1d1', 0.26262626262626265)]
2025-11-15 10:40:42,227 - INFO - Move 24: Stockfish (Black) plays d2d1q
2025-11-15 10:40:42,931 - INFO - Move 25: ChessEngine (White) plays b1a2 | Top MCTS moves: [('b1a2', 1.0)]
2025-11-15 10:40:42,932 - INFO - Move 26: Stockfish (Black) plays c6b4
2025-11-15 10:40:43,581 - INFO - Move 27: ChessEngine (White) plays a2a3 | Top MCTS moves: [('a2a3', 1.0)]
2025-11-15 10:40:43,582 - INFO - Move 28: Stockfish (Black) plays d1a1
2025-11-15 10:40:44,331 - INFO - Move 29: ChessEngine (White) plays a3b3 | Top MCTS moves: [('a3b3', 0.5252525252525253), ('a3b4', 0.47474747474747475)]
2025-11-15 10:40:44,332 - INFO - Move 30: Stockfish (Black) plays a1a2
2025-11-15 10:40:45,022 - INFO - Move 31: ChessEngine (White) plays b3c3 | Top MCTS moves: [('b3c3', 0.5050505050505051), ('b3b4', 0.494949494949495)]
2025-11-15 10:40:45,023 - INFO - Move 32: Stockfish (Black) plays f6e4
2025-11-15 10:40:45,727 - INFO - Move 33: ChessEngine (White) plays c3d4 | Top MCTS moves: [('c3d4', 0.5353535353535354), ('c3b4', 0.46464646464646464)]
2025-11-15 10:40:45,728 - INFO - Move 34: Stockfish (Black) plays d8f6
2025-11-15 10:40:46,402 - INFO - Move 35: ChessEngine (White) plays d4e3 | Top MCTS moves: [('d4e3', 1.0)]
2025-11-15 10:40:46,403 - INFO - Move 36: Stockfish (Black) plays d5d4
2025-11-15 10:40:46,405 - INFO - Saved moves for game 9 to logs/moves_game_9_20251115_104046.txt
2025-11-15 10:40:46,405 - INFO - Game result: LOSS
2025-11-15 10:40:46,419 - INFO - Training step 7 | Loss: 2.2450 | Policy: 1.9527 | Value: 0.2923 | Weights synced to chess engine ✓
2025-11-15 10:40:46,419 - INFO - 
--- Game 10 ---
2025-11-15 10:40:47,041 - INFO - Move 1: ChessEngine (White) plays h2h3 | Top MCTS moves: [('h2h3', 0.25252525252525254), ('g1h3', 0.24242424242424243), ('h2h4', 0.2222222222222222)]
2025-11-15 10:40:47,092 - INFO - Move 2: Stockfish (Black) plays e7e5
2025-11-15 10:40:47,468 - INFO - Move 3: ChessEngine (White) plays c2c4 | Top MCTS moves: [('c2c4', 0.29292929292929293), ('c2c3', 0.21212121212121213), ('d2d4', 0.15151515151515152)]
2025-11-15 10:40:47,515 - INFO - Move 4: Stockfish (Black) plays g8f6
2025-11-15 10:40:48,017 - INFO - Move 5: ChessEngine (White) plays d1b3 | Top MCTS moves: [('d1b3', 0.3434343434343434), ('b2b4', 0.23232323232323232), ('d2d4', 0.1919191919191919)]
2025-11-15 10:40:48,071 - INFO - Move 6: Stockfish (Black) plays d7d5
2025-11-15 10:40:48,750 - INFO - Move 7: ChessEngine (White) plays c4d5 | Top MCTS moves: [('c4d5', 0.494949494949495), ('d2d4', 0.25252525252525254), ('b3b7', 0.010101010101010102)]
2025-11-15 10:40:48,767 - INFO - Move 8: Stockfish (Black) plays d8d5
2025-11-15 10:40:49,390 - INFO - Move 9: ChessEngine (White) plays d2d3 | Top MCTS moves: [('d2d3', 0.26262626262626265), ('b1c3', 0.24242424242424243), ('d2d4', 0.10101010101010101)]
2025-11-15 10:40:49,420 - INFO - Move 10: Stockfish (Black) plays d5b3
2025-11-15 10:40:50,202 - INFO - Move 11: ChessEngine (White) plays a2b3 | Top MCTS moves: [('a2b3', 0.7878787878787878), ('h1h2', 0.010101010101010102), ('g1f3', 0.010101010101010102)]
2025-11-15 10:40:50,235 - INFO - Move 12: Stockfish (Black) plays b8c6
2025-11-15 10:40:50,899 - INFO - Move 13: ChessEngine (White) plays a1a5 | Top MCTS moves: [('a1a5', 0.5151515151515151), ('a1a4', 0.36363636363636365), ('h1h2', 0.010101010101010102)]
2025-11-15 10:40:50,904 - INFO - Move 14: Stockfish (Black) plays c6a5
2025-11-15 10:40:51,645 - INFO - Move 15: ChessEngine (White) plays b3b4 | Top MCTS moves: [('b3b4', 0.45454545454545453), ('b1d2', 0.35353535353535354), ('h1h2', 0.010101010101010102)]
2025-11-15 10:40:51,649 - INFO - Move 16: Stockfish (Black) plays f8b4
2025-11-15 10:40:52,223 - INFO - Move 17: ChessEngine (White) plays b1d2 | Top MCTS moves: [('b1d2', 0.36363636363636365), ('b1c3', 0.32323232323232326), ('c1d2', 0.21212121212121213)]
2025-11-15 10:40:52,228 - INFO - Move 18: Stockfish (Black) plays c8d7
2025-11-15 10:40:52,803 - INFO - Move 19: ChessEngine (White) plays h1h2 | Top MCTS moves: [('h1h2', 0.32323232323232326), ('b2b3', 0.2222222222222222), ('h3h4', 0.09090909090909091)]
2025-11-15 10:40:52,808 - INFO - Move 20: Stockfish (Black) plays a5b3
2025-11-15 10:40:53,388 - INFO - Move 21: ChessEngine (White) plays h3h4 | Top MCTS moves: [('h3h4', 0.23232323232323232), ('h2h1', 0.18181818181818182), ('e2e3', 0.1111111111111111)]
2025-11-15 10:40:53,391 - INFO - Move 22: Stockfish (Black) plays b3c1
2025-11-15 10:40:54,147 - INFO - Move 23: ChessEngine (White) plays h2h3 | Top MCTS moves: [('h2h3', 0.5555555555555556), ('e2e3', 0.18181818181818182), ('h2h1', 0.15151515151515152)]
2025-11-15 10:40:54,150 - INFO - Move 24: Stockfish (Black) plays c1b3
2025-11-15 10:40:54,997 - INFO - Move 25: ChessEngine (White) plays e2e3 | Top MCTS moves: [('e2e3', 0.6363636363636364), ('e2e4', 0.23232323232323232), ('h3g3', 0.010101010101010102)]
2025-11-15 10:40:55,004 - INFO - Move 26: Stockfish (Black) plays b3d2
2025-11-15 10:40:55,769 - INFO - Move 27: ChessEngine (White) plays h3h2 | Top MCTS moves: [('h3h2', 0.8383838383838383), ('h3g3', 0.010101010101010102), ('h3f3', 0.010101010101010102)]
2025-11-15 10:40:55,774 - INFO - Move 28: Stockfish (Black) plays d2f3
2025-11-15 10:40:56,590 - INFO - Move 29: ChessEngine (White) plays e1d1 | Top MCTS moves: [('e1d1', 0.6363636363636364), ('e1e2', 0.36363636363636365)]
2025-11-15 10:40:56,598 - INFO - Move 30: Stockfish (Black) plays f3h2
2025-11-15 10:40:57,517 - INFO - Move 31: ChessEngine (White) plays g2g4 | Top MCTS moves: [('g2g4', 0.8585858585858586), ('g1h3', 0.010101010101010102), ('g1f3', 0.010101010101010102)]
2025-11-15 10:40:57,521 - INFO - Move 32: Stockfish (Black) plays h2g4
2025-11-15 10:40:58,420 - INFO - Move 33: ChessEngine (White) plays f1h3 | Top MCTS moves: [('f1h3', 0.8585858585858586), ('g1h3', 0.010101010101010102), ('g1f3', 0.010101010101010102)]
2025-11-15 10:40:58,424 - INFO - Move 34: Stockfish (Black) plays g4f2
2025-11-15 10:40:59,205 - INFO - Move 35: ChessEngine (White) plays d1c1 | Top MCTS moves: [('d1c1', 0.5252525252525253), ('d1e2', 0.46464646464646464), ('d1c2', 0.010101010101010102)]
2025-11-15 10:40:59,209 - INFO - Move 36: Stockfish (Black) plays f2h3
2025-11-15 10:41:00,090 - INFO - Move 37: ChessEngine (White) plays c1c2 | Top MCTS moves: [('c1c2', 0.9090909090909091), ('g1h3', 0.010101010101010102), ('g1f3', 0.010101010101010102)]
2025-11-15 10:41:00,096 - INFO - Move 38: Stockfish (Black) plays h3g1
2025-11-15 10:41:00,781 - INFO - Move 39: ChessEngine (White) plays e3e4 | Top MCTS moves: [('e3e4', 0.9292929292929293), ('c2b3', 0.010101010101010102), ('c2d1', 0.010101010101010102)]
2025-11-15 10:41:00,785 - INFO - Move 40: Stockfish (Black) plays g1e2
2025-11-15 10:41:01,428 - INFO - Move 41: ChessEngine (White) plays h4h5 | Top MCTS moves: [('h4h5', 0.9494949494949495), ('c2b3', 0.010101010101010102), ('c2d1', 0.010101010101010102)]
2025-11-15 10:41:01,431 - INFO - Move 42: Stockfish (Black) plays e2d4
2025-11-15 10:41:01,971 - INFO - Move 43: ChessEngine (White) plays c2b1 | Top MCTS moves: [('c2b1', 0.5252525252525253), ('c2c1', 0.47474747474747475), ('c2d1', 0.0)]
2025-11-15 10:41:01,975 - INFO - Move 44: Stockfish (Black) plays h7h6
2025-11-15 10:41:02,650 - INFO - Move 45: ChessEngine (White) plays b2b3 | Top MCTS moves: [('b2b3', 0.898989898989899), ('b1a2', 0.08080808080808081), ('b1c1', 0.010101010101010102)]
2025-11-15 10:41:02,654 - INFO - Move 46: Stockfish (Black) plays a8c8
2025-11-15 10:41:03,254 - INFO - Move 47: ChessEngine (White) plays b1b2 | Top MCTS moves: [('b1b2', 0.7777777777777778), ('b1a2', 0.20202020202020202), ('b1c1', 0.010101010101010102)]
2025-11-15 10:41:03,258 - INFO - Move 48: Stockfish (Black) plays c7c6
2025-11-15 10:41:03,822 - INFO - Move 49: ChessEngine (White) plays b2a1 | Top MCTS moves: [('b2a1', 0.6363636363636364), ('b2c1', 0.3434343434343434), ('b2a2', 0.010101010101010102)]
2025-11-15 10:41:03,825 - INFO - Move 50: Stockfish (Black) plays d7g4
2025-11-15 10:41:04,387 - INFO - Move 51: ChessEngine (White) plays a1b2 | Top MCTS moves: [('a1b2', 0.5454545454545454), ('a1a2', 0.24242424242424243), ('a1b1', 0.21212121212121213)]
2025-11-15 10:41:04,390 - INFO - Move 52: Stockfish (Black) plays e8d8
2025-11-15 10:41:04,959 - INFO - Move 53: ChessEngine (White) plays b2a1 | Top MCTS moves: [('b2a1', 0.6868686868686869), ('b2c1', 0.29292929292929293), ('b2a2', 0.010101010101010102)]
2025-11-15 10:41:04,961 - INFO - Move 54: Stockfish (Black) plays f6d7
2025-11-15 10:41:05,536 - INFO - Move 55: ChessEngine (White) plays a1b2 | Top MCTS moves: [('a1b2', 0.5252525252525253), ('a1a2', 0.25252525252525254), ('a1b1', 0.2222222222222222)]
2025-11-15 10:41:05,538 - INFO - Move 56: Stockfish (Black) plays f7f6
2025-11-15 10:41:06,116 - INFO - Move 57: ChessEngine (White) plays b2a1 | Top MCTS moves: [('b2a1', 0.6363636363636364), ('b2c1', 0.3434343434343434), ('b2a2', 0.010101010101010102)]
2025-11-15 10:41:06,118 - INFO - Move 58: Stockfish (Black) plays g4h5
2025-11-15 10:41:06,783 - INFO - Move 59: ChessEngine (White) plays a1b2 | Top MCTS moves: [('a1b2', 0.5252525252525253), ('a1a2', 0.25252525252525254), ('a1b1', 0.2222222222222222)]
2025-11-15 10:41:06,786 - INFO - Move 60: Stockfish (Black) plays h5g4
2025-11-15 10:41:07,372 - INFO - Move 61: ChessEngine (White) plays b2a1 | Top MCTS moves: [('b2a1', 0.6060606060606061), ('b2c1', 0.37373737373737376), ('b2a2', 0.010101010101010102)]
2025-11-15 10:41:07,374 - INFO - Move 62: Stockfish (Black) plays h6h5
2025-11-15 10:41:07,961 - INFO - Move 63: ChessEngine (White) plays a1b2 | Top MCTS moves: [('a1b2', 0.5151515151515151), ('a1a2', 0.26262626262626265), ('a1b1', 0.2222222222222222)]
2025-11-15 10:41:07,964 - INFO - Move 64: Stockfish (Black) plays h5h4
2025-11-15 10:41:08,663 - INFO - Move 65: ChessEngine (White) plays b2a1 | Top MCTS moves: [('b2a1', 0.6262626262626263), ('b2c1', 0.35353535353535354), ('b2a2', 0.010101010101010102)]
2025-11-15 10:41:08,665 - INFO - Move 66: Stockfish (Black) plays h4h3
2025-11-15 10:41:09,282 - INFO - Move 67: ChessEngine (White) plays a1b2 | Top MCTS moves: [('a1b2', 0.5353535353535354), ('a1a2', 0.25252525252525254), ('a1b1', 0.21212121212121213)]
2025-11-15 10:41:09,285 - INFO - Move 68: Stockfish (Black) plays h3h2
2025-11-15 10:41:09,897 - INFO - Move 69: ChessEngine (White) plays b2a1 | Top MCTS moves: [('b2a1', 0.6363636363636364), ('b2c1', 0.3434343434343434), ('b2a2', 0.010101010101010102)]
2025-11-15 10:41:09,899 - INFO - Move 70: Stockfish (Black) plays h2h1q
2025-11-15 10:41:10,383 - INFO - Move 71: ChessEngine (White) plays a1b2 | Top MCTS moves: [('a1b2', 0.6161616161616161), ('a1a2', 0.3838383838383838)]
2025-11-15 10:41:10,384 - INFO - Move 72: Stockfish (Black) plays h8h2
2025-11-15 10:41:10,386 - INFO - Saved moves for game 10 to logs/moves_game_10_20251115_104110.txt
2025-11-15 10:41:10,386 - INFO - Game result: LOSS
2025-11-15 10:41:10,400 - INFO - Training step 8 | Loss: 2.4304 | Policy: 2.1500 | Value: 0.2804 | Weights synced to chess engine ✓
2025-11-15 10:41:10,400 - INFO - Reached max games: 10
2025-11-15 10:41:10,400 - INFO - 
================================================================================
2025-11-15 10:41:10,400 - INFO - Training Complete - Final Stats
2025-11-15 10:41:10,400 - INFO - ================================================================================
2025-11-15 10:41:10,590 - INFO - Saved checkpoint: checkpoints/model_10_games_20251115_104110_final.pth
2025-11-15 10:41:10,590 - INFO - Games: 10 | Positions: 208 | Win Rate: 0.0% | W:0 B:10 D:0 | Training Steps: 8
2025-11-15 10:41:10,590 - INFO - Total time: 0.04 hours
2025-11-15 10:41:10,590 - INFO - Games per hour: 226.00
2025-11-15 10:41:10,590 - INFO - Model saved to: /u201/a44chhab/research/chessml/ChessHacks-CLI/src/models/trained_model.pth

