2025-11-15 22:49:29,873 - INFO - Loaded model from /u201/a44chhab/research/chessml/ChessHacks-CLI/src/models/trained_model.pth
2025-11-15 22:49:31,069 - INFO - ================================================================================
2025-11-15 22:49:31,069 - INFO - Starting Overnight Training Loop
2025-11-15 22:49:31,069 - INFO - Device: cuda
2025-11-15 22:49:31,069 - INFO - Stockfish Depth: 15
2025-11-15 22:49:31,069 - INFO - Batch Size: 100
2025-11-15 22:49:31,069 - INFO - ================================================================================
2025-11-15 22:49:31,069 - INFO - 
--- Game 1 ---
2025-11-15 22:49:32,161 - INFO - Move 1: ChessEngine (White) plays e4 (e2e4) | Top MCTS moves: [('e2e4', 0.9393939393939394), ('a2a3', 0.050505050505050504), ('e2e3', 0.010101010101010102)]
2025-11-15 22:49:34,051 - ERROR - train_after_move failed: name 't_loss' is not defined
2025-11-15 22:49:34,188 - INFO - Move 2: Stockfish (Black) plays e5 (e7e5)
2025-11-15 22:49:34,749 - INFO - Move 3: ChessEngine (White) plays Qg4 (d1g4) | Top MCTS moves: [('d1g4', 0.6363636363636364), ('a2a3', 0.25252525252525254), ('b1a3', 0.050505050505050504)]
2025-11-15 22:49:37,772 - ERROR - train_after_move failed: name 't_loss' is not defined
2025-11-15 22:49:37,882 - INFO - Move 4: Stockfish (Black) plays Nf6 (g8f6)
2025-11-15 22:49:38,622 - INFO - Move 5: ChessEngine (White) plays Be2 (f1e2) | Top MCTS moves: [('f1e2', 0.6464646464646465), ('g4h4', 0.13131313131313133), ('g4e2', 0.08080808080808081)]
2025-11-15 22:49:40,184 - ERROR - train_after_move failed: name 't_loss' is not defined
2025-11-15 22:49:40,195 - INFO - Move 6: Stockfish (Black) plays Nxg4 (f6g4)
2025-11-15 22:49:40,195 - INFO - Injecting random move for our: e2a6
2025-11-15 22:49:40,207 - INFO - Move 8: Stockfish (Black) plays Nxf2 (g4f2)
2025-11-15 22:49:40,973 - INFO - Move 9: ChessEngine (White) plays Kf1 (e1f1) | Top MCTS moves: [('e1f1', 0.5555555555555556), ('e1f2', 0.4444444444444444), ('a6b7', 0.0)]
2025-11-15 22:49:41,486 - ERROR - train_after_move failed: name 't_loss' is not defined
2025-11-15 22:49:41,499 - INFO - Move 10: Stockfish (Black) plays Nxh1 (f2h1)
2025-11-15 22:49:42,412 - INFO - Move 11: ChessEngine (White) plays Ke2 (f1e2) | Top MCTS moves: [('f1e2', 0.9797979797979798), ('b1a3', 0.010101010101010102), ('a2a3', 0.010101010101010102)]
2025-11-15 22:49:42,907 - ERROR - train_after_move failed: name 't_loss' is not defined
2025-11-15 22:49:42,928 - INFO - Move 12: Stockfish (Black) plays Qh4 (d8h4)
2025-11-15 22:49:43,647 - INFO - Move 13: ChessEngine (White) plays Na3 (b1a3) | Top MCTS moves: [('b1a3', 0.6262626262626263), ('a6d3', 0.1414141414141414), ('e2d1', 0.13131313131313133)]
2025-11-15 22:49:44,155 - ERROR - train_after_move failed: name 't_loss' is not defined
2025-11-15 22:49:44,155 - INFO - Injecting random move for stockfish: h8g8
2025-11-15 22:49:45,109 - INFO - Move 15: ChessEngine (White) plays Bd3 (a6d3) | Top MCTS moves: [('a6d3', 0.40404040404040403), ('g2g3', 0.29292929292929293), ('e2d1', 0.20202020202020202)]
2025-11-15 22:49:45,649 - ERROR - train_after_move failed: name 't_loss' is not defined
2025-11-15 22:49:45,707 - INFO - Move 16: Stockfish (Black) plays Qf2+ (h4f2)
2025-11-15 22:49:46,605 - INFO - Move 17: ChessEngine (White) plays Kd1 (e2d1) | Top MCTS moves: [('e2d1', 1.0)]
2025-11-15 22:49:46,901 - ERROR - train_after_move failed: name 't_loss' is not defined
2025-11-15 22:49:46,926 - INFO - Move 18: Stockfish (Black) plays Qxg1+ (f2g1)
2025-11-15 22:49:47,111 - INFO - Received signal 2. Finishing current game and saving...
2025-11-15 22:49:47,677 - INFO - Move 19: ChessEngine (White) plays Bf1 (d3f1) | Top MCTS moves: [('d3f1', 0.9292929292929293), ('d1e2', 0.0707070707070707)]
2025-11-15 22:49:47,928 - ERROR - train_after_move failed: name 't_loss' is not defined
2025-11-15 22:49:47,928 - ERROR - Error during game: engine event loop dead
2025-11-15 22:49:48,188 - INFO - [Post-Game Training] total=6.4586 | policy=4.5840 | value=1.8745
2025-11-15 22:49:48,190 - INFO - Saved moves for game 1 to logs/moves_game_1_20251115_224948.txt
2025-11-15 22:49:48,190 - INFO - Game result: DRAW
2025-11-15 22:49:48,191 - INFO - 
================================================================================
2025-11-15 22:49:48,191 - INFO - Training Complete - Final Stats
2025-11-15 22:49:48,191 - INFO - ================================================================================
2025-11-15 22:49:48,284 - INFO - Saved checkpoint: checkpoints/model_1_games_20251115_224948_final.pth
2025-11-15 22:49:48,284 - INFO - Games: 1 | Positions: 11 | Win Rate: 0.0% | W:0 B:0 D:0 | Training Steps: 0
2025-11-15 22:49:48,284 - INFO - Total time: 0.00 hours
2025-11-15 22:49:48,284 - INFO - Games per hour: 209.13
2025-11-15 22:49:48,284 - INFO - Model saved to: /u201/a44chhab/research/chessml/ChessHacks-CLI/src/models/trained_model.pth
