2025-11-15 05:16:11,569 - INFO - Loaded model from C:\Users\lawre\chesshacks-base\src\models\trained_model.pth
2025-11-15 05:16:12,975 - INFO - ================================================================================
2025-11-15 05:16:12,975 - INFO - Starting Overnight Training Loop
2025-11-15 05:16:12,975 - INFO - Device: cpu
2025-11-15 05:16:12,975 - INFO - Stockfish Depth: 2
2025-11-15 05:16:12,975 - INFO - Batch Size: 256
2025-11-15 05:16:12,975 - INFO - ================================================================================
2025-11-15 05:16:12,975 - INFO - 
--- Game 1 ---
2025-11-15 05:16:15,060 - INFO - Move 1: ChessEngine (White) plays e2e4 | Top MCTS moves: [('e2e4', 0.7171717171717171), ('d2d4', 0.18181818181818182), ('g1f3', 0.020202020202020204)]
2025-11-15 05:16:15,065 - INFO - Move 2: Stockfish (Black) plays e7e5
2025-11-15 05:16:17,038 - INFO - Move 3: ChessEngine (White) plays g1f3 | Top MCTS moves: [('g1f3', 0.5050505050505051), ('f1c4', 0.16161616161616163), ('f2f4', 0.13131313131313133)]
2025-11-15 05:16:17,041 - INFO - Move 4: Stockfish (Black) plays b8c6
2025-11-15 05:16:19,005 - INFO - Move 5: ChessEngine (White) plays f1c4 | Top MCTS moves: [('f1c4', 0.3838383838383838), ('f1b5', 0.29292929292929293), ('d2d4', 0.1919191919191919)]
2025-11-15 05:16:19,008 - INFO - Move 6: Stockfish (Black) plays g8f6
2025-11-15 05:16:21,049 - INFO - Move 7: ChessEngine (White) plays d2d3 | Top MCTS moves: [('d2d3', 0.2828282828282828), ('b1c3', 0.25252525252525254), ('f3g5', 0.1414141414141414)]
2025-11-15 05:16:21,049 - INFO - Move 8: Stockfish (Black) plays d7d5
2025-11-15 05:16:23,489 - INFO - Move 9: ChessEngine (White) plays e4d5 | Top MCTS moves: [('e4d5', 0.8686868686868687), ('c4d5', 0.04040404040404041), ('c4b3', 0.04040404040404041)]
2025-11-15 05:16:23,492 - INFO - Move 10: Stockfish (Black) plays f6d5
2025-11-15 05:16:25,881 - INFO - Move 11: ChessEngine (White) plays e1g1 | Top MCTS moves: [('e1g1', 0.3838383838383838), ('h2h3', 0.10101010101010101), ('c4d5', 0.09090909090909091)]
2025-11-15 05:16:25,883 - INFO - Move 12: Stockfish (Black) plays d5b6
2025-11-15 05:16:28,304 - INFO - Move 13: ChessEngine (White) plays c4b3 | Top MCTS moves: [('c4b3', 0.3838383838383838), ('c4b5', 0.12121212121212122), ('f1e1', 0.08080808080808081)]
2025-11-15 05:16:28,306 - INFO - Move 14: Stockfish (Black) plays c8g4
2025-11-15 05:16:31,144 - INFO - Move 15: ChessEngine (White) plays h2h3 | Top MCTS moves: [('h2h3', 0.5050505050505051), ('f1e1', 0.09090909090909091), ('c1g5', 0.0707070707070707)]
2025-11-15 05:16:31,146 - INFO - Move 16: Stockfish (Black) plays g4h5
2025-11-15 05:16:34,166 - INFO - Move 17: ChessEngine (White) plays g2g4 | Top MCTS moves: [('g2g4', 0.31313131313131315), ('c1e3', 0.12121212121212122), ('f1e1', 0.1111111111111111)]
2025-11-15 05:16:34,170 - INFO - Move 18: Stockfish (Black) plays h5g6
2025-11-15 05:16:36,754 - INFO - Move 19: ChessEngine (White) plays f1e1 | Top MCTS moves: [('f1e1', 0.31313131313131315), ('c2c3', 0.10101010101010101), ('f3h4', 0.08080808080808081)]
2025-11-15 05:16:36,756 - INFO - Move 20: Stockfish (Black) plays f7f6
2025-11-15 05:16:39,445 - INFO - Move 21: ChessEngine (White) plays f3h4 | Top MCTS moves: [('f3h4', 0.29292929292929293), ('c2c3', 0.20202020202020202), ('c1e3', 0.12121212121212122)]
2025-11-15 05:16:39,447 - INFO - Move 22: Stockfish (Black) plays d8d7
2025-11-15 05:16:42,367 - INFO - Move 23: ChessEngine (White) plays h4g6 | Top MCTS moves: [('h4g6', 0.8787878787878788), ('h4f5', 0.020202020202020204), ('h4f3', 0.020202020202020204)]
2025-11-15 05:16:42,369 - INFO - Move 24: Stockfish (Black) plays h7g6
2025-11-15 05:16:45,710 - INFO - Move 25: ChessEngine (White) plays c2c3 | Top MCTS moves: [('c2c3', 0.29292929292929293), ('d1f3', 0.1717171717171717), ('c1e3', 0.1414141414141414)]
2025-11-15 05:16:45,712 - INFO - Move 26: Stockfish (Black) plays h8h3
2025-11-15 05:16:48,969 - INFO - Move 27: ChessEngine (White) plays d1f3 | Top MCTS moves: [('d1f3', 0.32323232323232326), ('c1e3', 0.23232323232323232), ('g1g2', 0.1717171717171717)]
2025-11-15 05:16:48,971 - INFO - Move 28: Stockfish (Black) plays h3f3
2025-11-15 05:16:53,103 - INFO - Move 29: ChessEngine (White) plays c1e3 | Top MCTS moves: [('c1e3', 0.47474747474747475), ('g1g2', 0.24242424242424243), ('b3g8', 0.010101010101010102)]
2025-11-15 05:16:53,105 - INFO - Move 30: Stockfish (Black) plays d7g4
2025-11-15 05:16:55,693 - INFO - Move 31: ChessEngine (White) plays g1f1 | Top MCTS moves: [('g1f1', 0.5353535353535354), ('g1h1', 0.37373737373737376), ('g1h2', 0.09090909090909091)]
2025-11-15 05:16:55,695 - INFO - Move 32: Stockfish (Black) plays g4h3
2025-11-15 05:16:58,854 - INFO - Move 33: ChessEngine (White) plays f1e2 | Top MCTS moves: [('f1e2', 0.98989898989899), ('f1g1', 0.010101010101010102)]
2025-11-15 05:16:58,857 - INFO - Move 34: Stockfish (Black) plays f3e3
2025-11-15 05:17:01,824 - INFO - Move 35: ChessEngine (White) plays f2e3 | Top MCTS moves: [('f2e3', 0.7474747474747475), ('e2d2', 0.24242424242424243), ('e2d1', 0.010101010101010102)]
2025-11-15 05:17:01,826 - INFO - Move 36: Stockfish (Black) plays h3h5
2025-11-15 05:17:04,930 - INFO - Move 37: ChessEngine (White) plays e2f2 | Top MCTS moves: [('e2f2', 0.5858585858585859), ('e2d2', 0.3333333333333333), ('e2f1', 0.08080808080808081)]
2025-11-15 05:17:04,932 - INFO - Move 38: Stockfish (Black) plays h5h2
2025-11-15 05:17:07,649 - INFO - Move 39: ChessEngine (White) plays f2f3 | Top MCTS moves: [('f2f3', 0.5656565656565656), ('f2f1', 0.43434343434343436)]
2025-11-15 05:17:07,652 - INFO - Move 40: Stockfish (Black) plays h2h3
2025-11-15 05:17:09,922 - INFO - Move 41: ChessEngine (White) plays f3e4 | Top MCTS moves: [('f3e4', 0.5656565656565656), ('f3e2', 0.3434343434343434), ('f3f2', 0.09090909090909091)]
2025-11-15 05:17:09,929 - INFO - Move 42: Stockfish (Black) plays f6f5
2025-11-15 05:17:09,929 - INFO - Game result: LOSS
2025-11-15 05:17:09,934 - INFO - 
--- Game 2 ---
2025-11-15 05:17:10,189 - INFO - Move 1: Stockfish (Black) plays e2e4
2025-11-15 05:17:12,804 - INFO - Move 2: ChessEngine (White) plays e7e5 | Top MCTS moves: [('e7e5', 0.47474747474747475), ('d7d5', 0.1414141414141414), ('c7c5', 0.12121212121212122)]
2025-11-15 05:17:12,806 - INFO - Move 3: Stockfish (Black) plays f1c4
2025-11-15 05:17:14,840 - INFO - Move 4: ChessEngine (White) plays g8f6 | Top MCTS moves: [('g8f6', 0.5656565656565656), ('b8c6', 0.18181818181818182), ('d7d6', 0.0707070707070707)]
2025-11-15 05:17:14,842 - INFO - Move 5: Stockfish (Black) plays b1c3
2025-11-15 05:17:16,943 - INFO - Move 6: ChessEngine (White) plays f6e4 | Top MCTS moves: [('f6e4', 0.1919191919191919), ('b8c6', 0.16161616161616163), ('c7c6', 0.1414141414141414)]
2025-11-15 05:17:16,943 - INFO - Move 7: Stockfish (Black) plays c3e4
2025-11-15 05:17:19,216 - INFO - Move 8: ChessEngine (White) plays d7d5 | Top MCTS moves: [('d7d5', 0.696969696969697), ('b8c6', 0.1414141414141414), ('d7d6', 0.050505050505050504)]
2025-11-15 05:17:19,218 - INFO - Move 9: Stockfish (Black) plays d1h5
2025-11-15 05:17:21,409 - INFO - Move 10: ChessEngine (White) plays d5c4 | Top MCTS moves: [('d5c4', 0.494949494949495), ('d5e4', 0.2727272727272727), ('d8e7', 0.06060606060606061)]
2025-11-15 05:17:21,409 - INFO - Move 11: Stockfish (Black) plays h5e5
2025-11-15 05:17:23,849 - INFO - Move 12: ChessEngine (White) plays f8e7 | Top MCTS moves: [('f8e7', 0.42424242424242425), ('d8e7', 0.36363636363636365), ('c8e6', 0.21212121212121213)]
2025-11-15 05:17:23,851 - INFO - Move 13: Stockfish (Black) plays e5g7
2025-11-15 05:17:26,149 - INFO - Move 14: ChessEngine (White) plays h8g8 | Top MCTS moves: [('h8g8', 0.25252525252525254), ('h8f8', 0.23232323232323232), ('c8f5', 0.1414141414141414)]
2025-11-15 05:17:26,152 - INFO - Move 15: Stockfish (Black) plays g7g8
2025-11-15 05:17:28,561 - INFO - Move 16: ChessEngine (White) plays e7f8 | Top MCTS moves: [('e7f8', 0.5151515151515151), ('e8d7', 0.48484848484848486)]
2025-11-15 05:17:28,563 - INFO - Move 17: Stockfish (Black) plays g8h7
2025-11-15 05:17:31,065 - INFO - Move 18: ChessEngine (White) plays c8f5 | Top MCTS moves: [('c8f5', 0.2727272727272727), ('b8c6', 0.20202020202020202), ('d8d4', 0.1414141414141414)]
2025-11-15 05:17:31,065 - INFO - Move 19: Stockfish (Black) plays h7f5
2025-11-15 05:17:33,423 - INFO - Move 20: ChessEngine (White) plays b8c6 | Top MCTS moves: [('b8c6', 0.2828282828282828), ('d8e7', 0.18181818181818182), ('b8d7', 0.10101010101010101)]
2025-11-15 05:17:33,426 - INFO - Move 21: Stockfish (Black) plays g1e2
2025-11-15 05:17:36,571 - INFO - Move 22: ChessEngine (White) plays d8e7 | Top MCTS moves: [('d8e7', 0.37373737373737376), ('d8d7', 0.10101010101010101), ('d8d5', 0.08080808080808081)]
2025-11-15 05:17:36,573 - INFO - Move 23: Stockfish (Black) plays a2a3
2025-11-15 05:17:39,559 - INFO - Move 24: ChessEngine (White) plays a8d8 | Top MCTS moves: [('a8d8', 0.3333333333333333), ('f8h6', 0.2222222222222222), ('f8g7', 0.10101010101010101)]
2025-11-15 05:17:39,561 - INFO - Move 25: Stockfish (Black) plays f5f3
2025-11-15 05:17:42,250 - INFO - Move 26: ChessEngine (White) plays c6e5 | Top MCTS moves: [('c6e5', 0.4444444444444444), ('f7f5', 0.16161616161616163), ('f8h6', 0.10101010101010101)]
2025-11-15 05:17:42,252 - INFO - Move 27: Stockfish (Black) plays f3h5
2025-11-15 05:17:45,269 - INFO - Move 28: ChessEngine (White) plays e5d3 | Top MCTS moves: [('e5d3', 0.2828282828282828), ('e5c6', 0.16161616161616163), ('e5g6', 0.10101010101010101)]
2025-11-15 05:17:45,277 - INFO - Move 29: Stockfish (Black) plays c2d3
2025-11-15 05:17:48,632 - INFO - Move 30: ChessEngine (White) plays c4d3 | Top MCTS moves: [('c4d3', 0.9393939393939394), ('d8d3', 0.06060606060606061), ('f8g7', 0.0)]
2025-11-15 05:17:48,634 - INFO - Move 31: Stockfish (Black) plays h5f3
2025-11-15 05:17:52,335 - INFO - Move 32: ChessEngine (White) plays d3e2 | Top MCTS moves: [('d3e2', 0.30303030303030304), ('f7f5', 0.26262626262626265), ('e7e4', 0.12121212121212122)]
2025-11-15 05:17:52,337 - INFO - Move 33: Stockfish (Black) plays f3e2
2025-11-15 05:17:55,829 - INFO - Move 34: ChessEngine (White) plays f7f5 | Top MCTS moves: [('f7f5', 0.30303030303030304), ('e7d7', 0.1919191919191919), ('f8g7', 0.10101010101010101)]
2025-11-15 05:17:55,831 - INFO - Move 35: Stockfish (Black) plays e4g5
2025-11-15 05:17:58,873 - INFO - Move 36: ChessEngine (White) plays e7e2 | Top MCTS moves: [('e7e2', 0.5959595959595959), ('f8h6', 0.10101010101010101), ('e8d7', 0.04040404040404041)]
2025-11-15 05:17:58,875 - INFO - Move 37: Stockfish (Black) plays e1e2
2025-11-15 05:18:02,047 - INFO - Move 38: ChessEngine (White) plays f8e7 | Top MCTS moves: [('f8e7', 0.21212121212121213), ('e8d7', 0.1414141414141414), ('f8h6', 0.12121212121212122)]
2025-11-15 05:18:02,050 - INFO - Move 39: Stockfish (Black) plays d2d4
2025-11-15 05:18:05,393 - INFO - Move 40: ChessEngine (White) plays d8d4 | Top MCTS moves: [('d8d4', 0.20202020202020202), ('e8d7', 0.1919191919191919), ('e7g5', 0.1414141414141414)]
2025-11-15 05:18:05,394 - INFO - Move 41: Stockfish (Black) plays h1d1
2025-11-15 05:18:08,568 - INFO - Move 42: ChessEngine (White) plays d4d1 | Top MCTS moves: [('d4d1', 0.16161616161616163), ('d4e4', 0.1414141414141414), ('e8d8', 0.10101010101010101)]
2025-11-15 05:18:08,570 - INFO - Move 43: Stockfish (Black) plays e2d1
2025-11-15 05:18:10,969 - INFO - Move 44: ChessEngine (White) plays e7g5 | Top MCTS moves: [('e7g5', 0.40404040404040403), ('e8d8', 0.12121212121212122), ('e8d7', 0.08080808080808081)]
2025-11-15 05:18:10,970 - INFO - Move 45: Stockfish (Black) plays c1g5
2025-11-15 05:18:13,686 - INFO - Move 46: ChessEngine (White) plays e8f7 | Top MCTS moves: [('e8f7', 0.32323232323232326), ('e8d7', 0.30303030303030304), ('c7c6', 0.10101010101010101)]
2025-11-15 05:18:13,686 - INFO - Move 47: Stockfish (Black) plays a1c1
2025-11-15 05:18:16,346 - INFO - Move 48: ChessEngine (White) plays c7c6 | Top MCTS moves: [('c7c6', 0.31313131313131315), ('f7e6', 0.16161616161616163), ('f7g6', 0.1414141414141414)]
2025-11-15 05:18:16,348 - INFO - Move 49: Stockfish (Black) plays b2b4
2025-11-15 05:18:19,003 - INFO - Move 50: ChessEngine (White) plays f7e6 | Top MCTS moves: [('f7e6', 0.36363636363636365), ('b7b5', 0.18181818181818182), ('b7b6', 0.12121212121212122)]
2025-11-15 05:18:19,006 - INFO - Move 51: Stockfish (Black) plays d1d2
2025-11-15 05:18:21,886 - INFO - Move 52: ChessEngine (White) plays e6d5 | Top MCTS moves: [('e6d5', 0.2828282828282828), ('b7b5', 0.1414141414141414), ('e6f7', 0.10101010101010101)]
2025-11-15 05:18:21,888 - INFO - Move 53: Stockfish (Black) plays c1c5
2025-11-15 05:18:24,589 - INFO - Move 54: ChessEngine (White) plays d5d6 | Top MCTS moves: [('d5d6', 0.3434343434343434), ('d5d4', 0.31313131313131315), ('d5e4', 0.24242424242424243)]
2025-11-15 05:18:24,590 - INFO - Move 55: Stockfish (Black) plays c5c1
2025-11-15 05:18:27,577 - INFO - Move 56: ChessEngine (White) plays d6d5 | Top MCTS moves: [('d6d5', 0.2727272727272727), ('f5f4', 0.16161616161616163), ('b7b6', 0.08080808080808081)]
2025-11-15 05:18:27,579 - INFO - Move 57: Stockfish (Black) plays b4b5
2025-11-15 05:18:30,412 - INFO - Move 58: ChessEngine (White) plays c6c5 | Top MCTS moves: [('c6c5', 0.46464646464646464), ('c6b5', 0.41414141414141414), ('d5e4', 0.04040404040404041)]
2025-11-15 05:18:30,414 - INFO - Move 59: Stockfish (Black) plays f2f3
2025-11-15 05:18:33,228 - INFO - Move 60: ChessEngine (White) plays c5c4 | Top MCTS moves: [('c5c4', 0.41414141414141414), ('b7b6', 0.32323232323232326), ('a7a6', 0.08080808080808081)]
2025-11-15 05:18:33,235 - INFO - Move 61: Stockfish (Black) plays c1d1
2025-11-15 05:18:35,985 - INFO - Move 62: ChessEngine (White) plays d5c5 | Top MCTS moves: [('d5c5', 0.7171717171717171), ('d5e6', 0.1414141414141414), ('d5e5', 0.04040404040404041)]
2025-11-15 05:18:35,987 - INFO - Move 63: Stockfish (Black) plays g5e3
2025-11-15 05:18:38,800 - INFO - Move 64: ChessEngine (White) plays c5b5 | Top MCTS moves: [('c5b5', 0.9393939393939394), ('c5d5', 0.04040404040404041), ('c5d6', 0.020202020202020204)]
2025-11-15 05:18:38,802 - INFO - Move 65: Stockfish (Black) plays d1c1
2025-11-15 05:18:41,852 - INFO - Move 66: ChessEngine (White) plays a7a6 | Top MCTS moves: [('a7a6', 0.31313131313131315), ('f5f4', 0.30303030303030304), ('a7a5', 0.16161616161616163)]
2025-11-15 05:18:41,855 - INFO - Move 67: Stockfish (Black) plays h2h4
2025-11-15 05:18:44,958 - INFO - Move 68: ChessEngine (White) plays f5f4 | Top MCTS moves: [('f5f4', 0.46464646464646464), ('a6a5', 0.1919191919191919), ('b5a4', 0.18181818181818182)]
2025-11-15 05:18:44,960 - INFO - Move 69: Stockfish (Black) plays e3f4
2025-11-15 05:18:47,737 - INFO - Move 70: ChessEngine (White) plays a6a5 | Top MCTS moves: [('a6a5', 0.30303030303030304), ('c4c3', 0.2727272727272727), ('b5a4', 0.20202020202020202)]
2025-11-15 05:18:47,740 - INFO - Move 71: Stockfish (Black) plays f4e3
2025-11-15 05:18:50,510 - INFO - Move 72: ChessEngine (White) plays a5a4 | Top MCTS moves: [('a5a4', 0.36363636363636365), ('b5a4', 0.29292929292929293), ('c4c3', 0.10101010101010101)]
2025-11-15 05:18:50,513 - INFO - Move 73: Stockfish (Black) plays e3g5
2025-11-15 05:18:53,342 - INFO - Move 74: ChessEngine (White) plays b7b6 | Top MCTS moves: [('b7b6', 0.2828282828282828), ('c4c3', 0.24242424242424243), ('b5c5', 0.1717171717171717)]
2025-11-15 05:18:53,343 - INFO - Move 75: Stockfish (Black) plays g5f6
2025-11-15 05:18:56,375 - INFO - Move 76: ChessEngine (White) plays b5c5 | Top MCTS moves: [('b5c5', 0.31313131313131315), ('b5c6', 0.26262626262626265), ('b5a6', 0.18181818181818182)]
2025-11-15 05:18:56,377 - INFO - Move 77: Stockfish (Black) plays f6a1
2025-11-15 05:18:59,564 - INFO - Move 78: ChessEngine (White) plays b6b5 | Top MCTS moves: [('b6b5', 0.8181818181818182), ('c5d5', 0.06060606060606061), ('c5b5', 0.06060606060606061)]
2025-11-15 05:18:59,566 - INFO - Move 79: Stockfish (Black) plays a1f6
2025-11-15 05:19:02,827 - INFO - Move 80: ChessEngine (White) plays c5d5 | Top MCTS moves: [('c5d5', 0.30303030303030304), ('b5b4', 0.2828282828282828), ('c5b6', 0.18181818181818182)]
2025-11-15 05:19:02,830 - INFO - Move 81: Stockfish (Black) plays f6b2
2025-11-15 05:19:05,815 - INFO - Move 82: ChessEngine (White) plays d5d6 | Top MCTS moves: [('d5d6', 0.36363636363636365), ('d5e6', 0.25252525252525254), ('b5b4', 0.20202020202020202)]
2025-11-15 05:19:05,817 - INFO - Move 83: Stockfish (Black) plays g2g4
2025-11-15 05:19:08,631 - INFO - Move 84: ChessEngine (White) plays d6d5 | Top MCTS moves: [('d6d5', 0.30303030303030304), ('d6c5', 0.26262626262626265), ('d6e6', 0.1919191919191919)]
2025-11-15 05:19:08,631 - INFO - Move 85: Stockfish (Black) plays b2a1
2025-11-15 05:19:11,573 - INFO - Move 86: ChessEngine (White) plays d5d6 | Top MCTS moves: [('d5d6', 0.36363636363636365), ('d5c5', 0.21212121212121213), ('d5e6', 0.20202020202020202)]
2025-11-15 05:19:11,575 - INFO - Move 87: Stockfish (Black) plays c1d1
2025-11-15 05:19:14,643 - INFO - Move 88: ChessEngine (White) plays d6c5 | Top MCTS moves: [('d6c5', 0.7171717171717171), ('d6e6', 0.1414141414141414), ('d6e7', 0.06060606060606061)]
2025-11-15 05:19:14,645 - INFO - Move 89: Stockfish (Black) plays d1c1
2025-11-15 05:19:17,580 - INFO - Move 90: ChessEngine (White) plays b5b4 | Top MCTS moves: [('b5b4', 0.47474747474747475), ('c5d5', 0.18181818181818182), ('c5b6', 0.16161616161616163)]
2025-11-15 05:19:17,582 - INFO - Move 91: Stockfish (Black) plays a3b4
2025-11-15 05:19:20,714 - INFO - Move 92: ChessEngine (White) plays c5b4 | Top MCTS moves: [('c5b4', 0.9393939393939394), ('c5b6', 0.020202020202020204), ('c5d5', 0.020202020202020204)]
2025-11-15 05:19:20,716 - INFO - Move 93: Stockfish (Black) plays c1b1
2025-11-15 05:19:23,964 - INFO - Move 94: ChessEngine (White) plays b4c5 | Top MCTS moves: [('b4c5', 0.6666666666666666), ('b4a3', 0.24242424242424243), ('b4a5', 0.09090909090909091)]
2025-11-15 05:19:23,967 - INFO - Move 95: Stockfish (Black) plays b1b8
2025-11-15 05:19:27,470 - INFO - Move 96: ChessEngine (White) plays a4a3 | Top MCTS moves: [('a4a3', 0.3333333333333333), ('c5c6', 0.2828282828282828), ('c4c3', 0.20202020202020202)]
2025-11-15 05:19:27,473 - INFO - Move 97: Stockfish (Black) plays b8a8
2025-11-15 05:19:30,929 - INFO - Move 98: ChessEngine (White) plays c5b4 | Top MCTS moves: [('c5b4', 0.40404040404040403), ('c5d5', 0.1414141414141414), ('c5d6', 0.10101010101010101)]
2025-11-15 05:19:30,932 - INFO - Move 99: Stockfish (Black) plays a8b8
2025-11-15 05:19:34,133 - INFO - Move 100: ChessEngine (White) plays b4c5 | Top MCTS moves: [('b4c5', 0.48484848484848486), ('b4a4', 0.47474747474747475), ('b4a5', 0.04040404040404041)]
2025-11-15 05:19:34,137 - INFO - Move 101: Stockfish (Black) plays f3f4
2025-11-15 05:19:37,570 - INFO - Move 102: ChessEngine (White) plays c5c6 | Top MCTS moves: [('c5c6', 0.32323232323232326), ('c5d6', 0.30303030303030304), ('c4c3', 0.18181818181818182)]
2025-11-15 05:19:37,572 - INFO - Move 103: Stockfish (Black) plays b8c8
2025-11-15 05:19:40,953 - INFO - Move 104: ChessEngine (White) plays c6d5 | Top MCTS moves: [('c6d5', 0.2727272727272727), ('c6b7', 0.23232323232323232), ('c6b5', 0.1919191919191919)]
2025-11-15 05:19:40,956 - INFO - Move 105: Stockfish (Black) plays d2e2
2025-11-15 05:19:44,517 - INFO - Move 106: ChessEngine (White) plays d5e4 | Top MCTS moves: [('d5e4', 0.25252525252525254), ('c4c3', 0.21212121212121213), ('d5e6', 0.20202020202020202)]
2025-11-15 05:19:44,517 - INFO - Move 107: Stockfish (Black) plays f4f5
2025-11-15 05:19:48,032 - INFO - Move 108: ChessEngine (White) plays e4f4 | Top MCTS moves: [('e4f4', 0.797979797979798), ('a3a2', 0.1111111111111111), ('c4c3', 0.0707070707070707)]
2025-11-15 05:19:48,034 - INFO - Move 109: Stockfish (Black) plays c8c4
2025-11-15 05:19:51,547 - INFO - Move 110: ChessEngine (White) plays f4g3 | Top MCTS moves: [('f4g3', 1.0)]
2025-11-15 05:19:51,549 - INFO - Move 111: Stockfish (Black) plays e2e3
2025-11-15 05:19:54,443 - INFO - Move 112: ChessEngine (White) plays g3g2 | Top MCTS moves: [('g3g2', 0.5959595959595959), ('g3h4', 0.40404040404040403), ('g3h3', 0.0)]
2025-11-15 05:19:54,445 - INFO - Move 113: Stockfish (Black) plays a1c3
2025-11-15 05:19:57,207 - INFO - Move 114: ChessEngine (White) plays g2f1 | Top MCTS moves: [('g2f1', 0.5454545454545454), ('a3a2', 0.42424242424242425), ('g2g3', 0.010101010101010102)]
2025-11-15 05:19:57,209 - INFO - Move 115: Stockfish (Black) plays f5f6
2025-11-15 05:20:00,118 - INFO - Move 116: ChessEngine (White) plays f1g1 | Top MCTS moves: [('f1g1', 0.5252525252525253), ('f1g2', 0.46464646464646464), ('a3a2', 0.010101010101010102)]
2025-11-15 05:20:00,121 - INFO - Move 117: Stockfish (Black) plays f6f7
2025-11-15 05:20:03,252 - INFO - Move 118: ChessEngine (White) plays g1f1 | Top MCTS moves: [('g1f1', 0.5252525252525253), ('g1g2', 0.4444444444444444), ('g1h2', 0.010101010101010102)]
2025-11-15 05:20:03,252 - INFO - Move 119: Stockfish (Black) plays f7f8q
2025-11-15 05:20:06,730 - INFO - Move 120: ChessEngine (White) plays f1g1 | Top MCTS moves: [('f1g1', 0.5757575757575758), ('f1g2', 0.42424242424242425)]
2025-11-15 05:20:06,730 - INFO - Move 121: Stockfish (Black) plays f8f2
2025-11-15 05:20:09,929 - INFO - Move 122: ChessEngine (White) plays g1h1 | Top MCTS moves: [('g1h1', 1.0)]
2025-11-15 05:20:09,933 - INFO - Move 123: Stockfish (Black) plays f2e1
2025-11-15 05:20:12,218 - INFO - Move 124: ChessEngine (White) plays h1g2 | Top MCTS moves: [('h1g2', 0.5353535353535354), ('h1h2', 0.46464646464646464)]
2025-11-15 05:20:12,220 - INFO - Move 125: Stockfish (Black) plays e1f2
2025-11-15 05:20:15,407 - INFO - Move 126: ChessEngine (White) plays g2h1 | Top MCTS moves: [('g2h1', 0.6363636363636364), ('g2h3', 0.36363636363636365)]
2025-11-15 05:20:15,410 - INFO - Move 127: Stockfish (Black) plays f2f3
2025-11-15 05:20:17,608 - INFO - Move 128: ChessEngine (White) plays h1g1 | Top MCTS moves: [('h1g1', 0.5757575757575758), ('h1h2', 0.42424242424242425)]
2025-11-15 05:20:17,610 - INFO - Move 129: Stockfish (Black) plays f3g3
2025-11-15 05:20:20,166 - INFO - Move 130: ChessEngine (White) plays g1f1 | Top MCTS moves: [('g1f1', 0.7878787878787878), ('g1h1', 0.21212121212121213)]
2025-11-15 05:20:20,168 - INFO - Move 131: Stockfish (Black) plays g3f2
2025-11-15 05:20:20,169 - INFO - Game result: WIN
2025-11-15 05:20:20,177 - INFO - 
--- Game 3 ---
2025-11-15 05:20:22,231 - INFO - Move 1: ChessEngine (White) plays e2e4 | Top MCTS moves: [('e2e4', 0.7171717171717171), ('d2d4', 0.18181818181818182), ('g1f3', 0.020202020202020204)]
2025-11-15 05:20:22,238 - INFO - Move 2: Stockfish (Black) plays e7e5
2025-11-15 05:20:24,099 - INFO - Move 3: ChessEngine (White) plays g1f3 | Top MCTS moves: [('g1f3', 0.5050505050505051), ('f1c4', 0.16161616161616163), ('f2f4', 0.13131313131313133)]
2025-11-15 05:20:24,101 - INFO - Move 4: Stockfish (Black) plays b8c6
2025-11-15 05:20:26,013 - INFO - Move 5: ChessEngine (White) plays f1c4 | Top MCTS moves: [('f1c4', 0.3838383838383838), ('f1b5', 0.29292929292929293), ('d2d4', 0.1919191919191919)]
2025-11-15 05:20:26,016 - INFO - Move 6: Stockfish (Black) plays g8f6
2025-11-15 05:20:28,215 - INFO - Move 7: ChessEngine (White) plays d2d3 | Top MCTS moves: [('d2d3', 0.2828282828282828), ('b1c3', 0.25252525252525254), ('f3g5', 0.1414141414141414)]
2025-11-15 05:20:28,216 - INFO - Move 8: Stockfish (Black) plays d7d5
2025-11-15 05:20:30,835 - INFO - Move 9: ChessEngine (White) plays e4d5 | Top MCTS moves: [('e4d5', 0.8686868686868687), ('c4d5', 0.04040404040404041), ('c4b3', 0.04040404040404041)]
2025-11-15 05:20:30,838 - INFO - Move 10: Stockfish (Black) plays f6d5
2025-11-15 05:20:33,534 - INFO - Move 11: ChessEngine (White) plays e1g1 | Top MCTS moves: [('e1g1', 0.3838383838383838), ('h2h3', 0.10101010101010101), ('c4d5', 0.09090909090909091)]
2025-11-15 05:20:33,537 - INFO - Move 12: Stockfish (Black) plays d5b6
2025-11-15 05:20:35,997 - INFO - Move 13: ChessEngine (White) plays c4b3 | Top MCTS moves: [('c4b3', 0.3838383838383838), ('c4b5', 0.12121212121212122), ('f1e1', 0.08080808080808081)]
2025-11-15 05:20:36,000 - INFO - Move 14: Stockfish (Black) plays c8g4
2025-11-15 05:20:38,578 - INFO - Move 15: ChessEngine (White) plays h2h3 | Top MCTS moves: [('h2h3', 0.5050505050505051), ('f1e1', 0.09090909090909091), ('c1g5', 0.0707070707070707)]
2025-11-15 05:20:38,580 - INFO - Move 16: Stockfish (Black) plays g4h5
2025-11-15 05:20:41,327 - INFO - Move 17: ChessEngine (White) plays g2g4 | Top MCTS moves: [('g2g4', 0.31313131313131315), ('c1e3', 0.12121212121212122), ('f1e1', 0.1111111111111111)]
2025-11-15 05:20:41,329 - INFO - Move 18: Stockfish (Black) plays h5g6
2025-11-15 05:20:44,003 - INFO - Move 19: ChessEngine (White) plays f1e1 | Top MCTS moves: [('f1e1', 0.31313131313131315), ('c2c3', 0.10101010101010101), ('f3h4', 0.08080808080808081)]
2025-11-15 05:20:44,003 - INFO - Move 20: Stockfish (Black) plays f7f6
2025-11-15 05:20:46,776 - INFO - Move 21: ChessEngine (White) plays f3h4 | Top MCTS moves: [('f3h4', 0.29292929292929293), ('c2c3', 0.20202020202020202), ('c1e3', 0.12121212121212122)]
2025-11-15 05:20:46,779 - INFO - Move 22: Stockfish (Black) plays d8d7
2025-11-15 05:20:49,668 - INFO - Move 23: ChessEngine (White) plays h4g6 | Top MCTS moves: [('h4g6', 0.8787878787878788), ('h4f5', 0.020202020202020204), ('h4f3', 0.020202020202020204)]
2025-11-15 05:20:49,673 - INFO - Move 24: Stockfish (Black) plays h7g6
2025-11-15 05:20:52,802 - INFO - Move 25: ChessEngine (White) plays c2c3 | Top MCTS moves: [('c2c3', 0.29292929292929293), ('d1f3', 0.1717171717171717), ('c1e3', 0.1414141414141414)]
2025-11-15 05:20:52,804 - INFO - Move 26: Stockfish (Black) plays h8h3
2025-11-15 05:20:56,146 - INFO - Move 27: ChessEngine (White) plays d1f3 | Top MCTS moves: [('d1f3', 0.32323232323232326), ('c1e3', 0.23232323232323232), ('g1g2', 0.1717171717171717)]
2025-11-15 05:20:56,149 - INFO - Move 28: Stockfish (Black) plays h3f3
2025-11-15 05:20:59,252 - INFO - Move 29: ChessEngine (White) plays c1e3 | Top MCTS moves: [('c1e3', 0.47474747474747475), ('g1g2', 0.24242424242424243), ('b3g8', 0.010101010101010102)]
2025-11-15 05:20:59,254 - INFO - Move 30: Stockfish (Black) plays d7g4
2025-11-15 05:21:02,267 - INFO - Move 31: ChessEngine (White) plays g1f1 | Top MCTS moves: [('g1f1', 0.5353535353535354), ('g1h1', 0.37373737373737376), ('g1h2', 0.09090909090909091)]
2025-11-15 05:21:02,275 - INFO - Move 32: Stockfish (Black) plays g4h3
2025-11-15 05:21:05,231 - INFO - Move 33: ChessEngine (White) plays f1e2 | Top MCTS moves: [('f1e2', 0.98989898989899), ('f1g1', 0.010101010101010102)]
2025-11-15 05:21:05,233 - INFO - Move 34: Stockfish (Black) plays f3e3
2025-11-15 05:21:08,051 - INFO - Move 35: ChessEngine (White) plays f2e3 | Top MCTS moves: [('f2e3', 0.7474747474747475), ('e2d2', 0.24242424242424243), ('e2d1', 0.010101010101010102)]
2025-11-15 05:21:08,053 - INFO - Move 36: Stockfish (Black) plays h3h5
2025-11-15 05:21:11,183 - INFO - Move 37: ChessEngine (White) plays e2f2 | Top MCTS moves: [('e2f2', 0.5858585858585859), ('e2d2', 0.3333333333333333), ('e2f1', 0.08080808080808081)]
2025-11-15 05:21:11,183 - INFO - Move 38: Stockfish (Black) plays h5h2
2025-11-15 05:21:13,938 - INFO - Move 39: ChessEngine (White) plays f2f3 | Top MCTS moves: [('f2f3', 0.5656565656565656), ('f2f1', 0.43434343434343436)]
2025-11-15 05:21:13,940 - INFO - Move 40: Stockfish (Black) plays h2h3
2025-11-15 05:21:16,409 - INFO - Move 41: ChessEngine (White) plays f3e4 | Top MCTS moves: [('f3e4', 0.5656565656565656), ('f3e2', 0.3434343434343434), ('f3f2', 0.09090909090909091)]
2025-11-15 05:21:16,410 - INFO - Move 42: Stockfish (Black) plays f6f5
2025-11-15 05:21:16,414 - INFO - Game result: LOSS
2025-11-15 05:21:16,418 - INFO - 
--- Game 4 ---
2025-11-15 05:21:16,666 - INFO - Move 1: Stockfish (Black) plays e2e4
2025-11-15 05:21:18,316 - INFO - Move 2: ChessEngine (White) plays e7e5 | Top MCTS moves: [('e7e5', 0.47474747474747475), ('d7d5', 0.1414141414141414), ('c7c5', 0.12121212121212122)]
2025-11-15 05:21:18,318 - INFO - Move 3: Stockfish (Black) plays f1c4
2025-11-15 05:21:20,322 - INFO - Move 4: ChessEngine (White) plays g8f6 | Top MCTS moves: [('g8f6', 0.5656565656565656), ('b8c6', 0.18181818181818182), ('d7d6', 0.0707070707070707)]
2025-11-15 05:21:20,333 - INFO - Move 5: Stockfish (Black) plays b1c3
2025-11-15 05:21:22,775 - INFO - Move 6: ChessEngine (White) plays f6e4 | Top MCTS moves: [('f6e4', 0.1919191919191919), ('b8c6', 0.16161616161616163), ('c7c6', 0.1414141414141414)]
2025-11-15 05:21:22,777 - INFO - Move 7: Stockfish (Black) plays c3e4
2025-11-15 05:21:25,125 - INFO - Move 8: ChessEngine (White) plays d7d5 | Top MCTS moves: [('d7d5', 0.696969696969697), ('b8c6', 0.1414141414141414), ('d7d6', 0.050505050505050504)]
2025-11-15 05:21:25,126 - INFO - Move 9: Stockfish (Black) plays d1h5
2025-11-15 05:21:27,655 - INFO - Move 10: ChessEngine (White) plays d5c4 | Top MCTS moves: [('d5c4', 0.494949494949495), ('d5e4', 0.2727272727272727), ('d8e7', 0.06060606060606061)]
2025-11-15 05:21:27,656 - INFO - Move 11: Stockfish (Black) plays h5e5
2025-11-15 05:21:29,892 - INFO - Move 12: ChessEngine (White) plays f8e7 | Top MCTS moves: [('f8e7', 0.42424242424242425), ('d8e7', 0.36363636363636365), ('c8e6', 0.21212121212121213)]
2025-11-15 05:21:29,894 - INFO - Move 13: Stockfish (Black) plays e5g7
2025-11-15 05:21:32,390 - INFO - Move 14: ChessEngine (White) plays h8g8 | Top MCTS moves: [('h8g8', 0.25252525252525254), ('h8f8', 0.23232323232323232), ('c8f5', 0.1414141414141414)]
2025-11-15 05:21:32,393 - INFO - Move 15: Stockfish (Black) plays g7g8
2025-11-15 05:21:34,966 - INFO - Move 16: ChessEngine (White) plays e7f8 | Top MCTS moves: [('e7f8', 0.5151515151515151), ('e8d7', 0.48484848484848486)]
2025-11-15 05:21:34,967 - INFO - Move 17: Stockfish (Black) plays g8h7
2025-11-15 05:21:37,618 - INFO - Move 18: ChessEngine (White) plays c8f5 | Top MCTS moves: [('c8f5', 0.2727272727272727), ('b8c6', 0.20202020202020202), ('d8d4', 0.1414141414141414)]
2025-11-15 05:21:37,620 - INFO - Move 19: Stockfish (Black) plays h7f5
2025-11-15 05:21:40,283 - INFO - Move 20: ChessEngine (White) plays b8c6 | Top MCTS moves: [('b8c6', 0.2828282828282828), ('d8e7', 0.18181818181818182), ('b8d7', 0.10101010101010101)]
2025-11-15 05:21:40,284 - INFO - Move 21: Stockfish (Black) plays g1e2
2025-11-15 05:21:43,303 - INFO - Move 22: ChessEngine (White) plays d8e7 | Top MCTS moves: [('d8e7', 0.37373737373737376), ('d8d7', 0.10101010101010101), ('d8d5', 0.08080808080808081)]
2025-11-15 05:21:43,304 - INFO - Move 23: Stockfish (Black) plays a2a3
2025-11-15 05:21:46,302 - INFO - Move 24: ChessEngine (White) plays a8d8 | Top MCTS moves: [('a8d8', 0.3333333333333333), ('f8h6', 0.2222222222222222), ('f8g7', 0.10101010101010101)]
2025-11-15 05:21:46,304 - INFO - Move 25: Stockfish (Black) plays f5f3
2025-11-15 05:21:48,977 - INFO - Move 26: ChessEngine (White) plays c6e5 | Top MCTS moves: [('c6e5', 0.4444444444444444), ('f7f5', 0.16161616161616163), ('f8h6', 0.10101010101010101)]
2025-11-15 05:21:48,977 - INFO - Move 27: Stockfish (Black) plays f3h5
2025-11-15 05:21:51,991 - INFO - Move 28: ChessEngine (White) plays e5d3 | Top MCTS moves: [('e5d3', 0.2828282828282828), ('e5c6', 0.16161616161616163), ('e5g6', 0.10101010101010101)]
2025-11-15 05:21:51,994 - INFO - Move 29: Stockfish (Black) plays c2d3
2025-11-15 05:21:54,789 - INFO - Move 30: ChessEngine (White) plays c4d3 | Top MCTS moves: [('c4d3', 0.9393939393939394), ('d8d3', 0.06060606060606061), ('f8g7', 0.0)]
2025-11-15 05:21:54,799 - INFO - Move 31: Stockfish (Black) plays h5f3
2025-11-15 05:21:57,707 - INFO - Move 32: ChessEngine (White) plays d3e2 | Top MCTS moves: [('d3e2', 0.30303030303030304), ('f7f5', 0.26262626262626265), ('e7e4', 0.12121212121212122)]
2025-11-15 05:21:57,710 - INFO - Move 33: Stockfish (Black) plays f3e2
2025-11-15 05:22:00,723 - INFO - Move 34: ChessEngine (White) plays f7f5 | Top MCTS moves: [('f7f5', 0.30303030303030304), ('e7d7', 0.1919191919191919), ('f8g7', 0.10101010101010101)]
2025-11-15 05:22:00,725 - INFO - Move 35: Stockfish (Black) plays e4g5
2025-11-15 05:22:03,490 - INFO - Move 36: ChessEngine (White) plays e7e2 | Top MCTS moves: [('e7e2', 0.5959595959595959), ('f8h6', 0.10101010101010101), ('e8d7', 0.04040404040404041)]
2025-11-15 05:22:03,492 - INFO - Move 37: Stockfish (Black) plays e1e2
2025-11-15 05:22:06,097 - INFO - Move 38: ChessEngine (White) plays f8e7 | Top MCTS moves: [('f8e7', 0.21212121212121213), ('e8d7', 0.1414141414141414), ('f8h6', 0.12121212121212122)]
2025-11-15 05:22:06,099 - INFO - Move 39: Stockfish (Black) plays d2d4
2025-11-15 05:22:09,152 - INFO - Move 40: ChessEngine (White) plays d8d4 | Top MCTS moves: [('d8d4', 0.20202020202020202), ('e8d7', 0.1919191919191919), ('e7g5', 0.1414141414141414)]
2025-11-15 05:22:09,154 - INFO - Move 41: Stockfish (Black) plays h1d1
2025-11-15 05:22:12,030 - INFO - Move 42: ChessEngine (White) plays d4d1 | Top MCTS moves: [('d4d1', 0.16161616161616163), ('d4e4', 0.1414141414141414), ('e8d8', 0.10101010101010101)]
2025-11-15 05:22:12,032 - INFO - Move 43: Stockfish (Black) plays e2d1
2025-11-15 05:22:14,802 - INFO - Move 44: ChessEngine (White) plays e7g5 | Top MCTS moves: [('e7g5', 0.40404040404040403), ('e8d8', 0.12121212121212122), ('e8d7', 0.08080808080808081)]
2025-11-15 05:22:14,805 - INFO - Move 45: Stockfish (Black) plays c1g5
2025-11-15 05:22:17,721 - INFO - Move 46: ChessEngine (White) plays e8f7 | Top MCTS moves: [('e8f7', 0.32323232323232326), ('e8d7', 0.30303030303030304), ('c7c6', 0.10101010101010101)]
2025-11-15 05:22:17,724 - INFO - Move 47: Stockfish (Black) plays a1c1
2025-11-15 05:22:20,460 - INFO - Move 48: ChessEngine (White) plays c7c6 | Top MCTS moves: [('c7c6', 0.31313131313131315), ('f7e6', 0.16161616161616163), ('f7g6', 0.1414141414141414)]
2025-11-15 05:22:20,463 - INFO - Move 49: Stockfish (Black) plays b2b4
2025-11-15 05:22:23,149 - INFO - Move 50: ChessEngine (White) plays f7e6 | Top MCTS moves: [('f7e6', 0.36363636363636365), ('b7b5', 0.18181818181818182), ('b7b6', 0.12121212121212122)]
2025-11-15 05:22:23,149 - INFO - Move 51: Stockfish (Black) plays d1d2
2025-11-15 05:22:25,849 - INFO - Move 52: ChessEngine (White) plays e6d5 | Top MCTS moves: [('e6d5', 0.2828282828282828), ('b7b5', 0.1414141414141414), ('e6f7', 0.10101010101010101)]
2025-11-15 05:22:25,851 - INFO - Move 53: Stockfish (Black) plays c1c5
2025-11-15 05:22:28,693 - INFO - Move 54: ChessEngine (White) plays d5d6 | Top MCTS moves: [('d5d6', 0.3434343434343434), ('d5d4', 0.31313131313131315), ('d5e4', 0.24242424242424243)]
2025-11-15 05:22:28,695 - INFO - Move 55: Stockfish (Black) plays c5c1
2025-11-15 05:22:31,654 - INFO - Move 56: ChessEngine (White) plays d6d5 | Top MCTS moves: [('d6d5', 0.2727272727272727), ('f5f4', 0.16161616161616163), ('b7b6', 0.08080808080808081)]
2025-11-15 05:22:31,657 - INFO - Move 57: Stockfish (Black) plays b4b5
2025-11-15 05:22:34,861 - INFO - Move 58: ChessEngine (White) plays c6c5 | Top MCTS moves: [('c6c5', 0.46464646464646464), ('c6b5', 0.41414141414141414), ('d5e4', 0.04040404040404041)]
2025-11-15 05:22:34,863 - INFO - Move 59: Stockfish (Black) plays f2f3
2025-11-15 05:22:37,610 - INFO - Move 60: ChessEngine (White) plays c5c4 | Top MCTS moves: [('c5c4', 0.41414141414141414), ('b7b6', 0.32323232323232326), ('a7a6', 0.08080808080808081)]
2025-11-15 05:22:37,612 - INFO - Move 61: Stockfish (Black) plays c1d1
2025-11-15 05:22:40,392 - INFO - Move 62: ChessEngine (White) plays d5c5 | Top MCTS moves: [('d5c5', 0.7171717171717171), ('d5e6', 0.1414141414141414), ('d5e5', 0.04040404040404041)]
2025-11-15 05:22:40,402 - INFO - Move 63: Stockfish (Black) plays g5e3
2025-11-15 05:22:43,230 - INFO - Move 64: ChessEngine (White) plays c5b5 | Top MCTS moves: [('c5b5', 0.9393939393939394), ('c5d5', 0.04040404040404041), ('c5d6', 0.020202020202020204)]
2025-11-15 05:22:43,232 - INFO - Move 65: Stockfish (Black) plays d1c1
2025-11-15 05:22:46,527 - INFO - Move 66: ChessEngine (White) plays a7a6 | Top MCTS moves: [('a7a6', 0.31313131313131315), ('f5f4', 0.30303030303030304), ('a7a5', 0.16161616161616163)]
2025-11-15 05:22:46,537 - INFO - Move 67: Stockfish (Black) plays h2h4
2025-11-15 05:22:49,992 - INFO - Move 68: ChessEngine (White) plays f5f4 | Top MCTS moves: [('f5f4', 0.46464646464646464), ('a6a5', 0.1919191919191919), ('b5a4', 0.18181818181818182)]
2025-11-15 05:22:49,994 - INFO - Move 69: Stockfish (Black) plays e3f4
2025-11-15 05:22:53,148 - INFO - Move 70: ChessEngine (White) plays a6a5 | Top MCTS moves: [('a6a5', 0.30303030303030304), ('c4c3', 0.2727272727272727), ('b5a4', 0.20202020202020202)]
2025-11-15 05:22:53,150 - INFO - Move 71: Stockfish (Black) plays f4e3
2025-11-15 05:22:56,107 - INFO - Move 72: ChessEngine (White) plays a5a4 | Top MCTS moves: [('a5a4', 0.36363636363636365), ('b5a4', 0.29292929292929293), ('c4c3', 0.10101010101010101)]
2025-11-15 05:22:56,107 - INFO - Move 73: Stockfish (Black) plays e3g5
2025-11-15 05:22:59,488 - INFO - Move 74: ChessEngine (White) plays b7b6 | Top MCTS moves: [('b7b6', 0.2828282828282828), ('c4c3', 0.24242424242424243), ('b5c5', 0.1717171717171717)]
2025-11-15 05:22:59,490 - INFO - Move 75: Stockfish (Black) plays g5f6
2025-11-15 05:23:02,979 - INFO - Move 76: ChessEngine (White) plays b5c5 | Top MCTS moves: [('b5c5', 0.31313131313131315), ('b5c6', 0.26262626262626265), ('b5a6', 0.18181818181818182)]
2025-11-15 05:23:02,981 - INFO - Move 77: Stockfish (Black) plays f6a1
2025-11-15 05:23:06,243 - INFO - Move 78: ChessEngine (White) plays b6b5 | Top MCTS moves: [('b6b5', 0.8181818181818182), ('c5d5', 0.06060606060606061), ('c5b5', 0.06060606060606061)]
2025-11-15 05:23:06,245 - INFO - Move 79: Stockfish (Black) plays a1f6
2025-11-15 05:23:10,265 - INFO - Move 80: ChessEngine (White) plays c5d5 | Top MCTS moves: [('c5d5', 0.30303030303030304), ('b5b4', 0.2828282828282828), ('c5b6', 0.18181818181818182)]
2025-11-15 05:23:10,267 - INFO - Move 81: Stockfish (Black) plays f6b2
2025-11-15 05:23:13,740 - INFO - Move 82: ChessEngine (White) plays d5d6 | Top MCTS moves: [('d5d6', 0.36363636363636365), ('d5e6', 0.25252525252525254), ('b5b4', 0.20202020202020202)]
2025-11-15 05:23:13,743 - INFO - Move 83: Stockfish (Black) plays g2g4
2025-11-15 05:23:17,378 - INFO - Move 84: ChessEngine (White) plays d6d5 | Top MCTS moves: [('d6d5', 0.30303030303030304), ('d6c5', 0.26262626262626265), ('d6e6', 0.1919191919191919)]
2025-11-15 05:23:17,380 - INFO - Move 85: Stockfish (Black) plays b2a1
2025-11-15 05:23:20,608 - INFO - Move 86: ChessEngine (White) plays d5d6 | Top MCTS moves: [('d5d6', 0.36363636363636365), ('d5c5', 0.21212121212121213), ('d5e6', 0.20202020202020202)]
2025-11-15 05:23:20,610 - INFO - Move 87: Stockfish (Black) plays c1d1
2025-11-15 05:23:23,945 - INFO - Move 88: ChessEngine (White) plays d6c5 | Top MCTS moves: [('d6c5', 0.7171717171717171), ('d6e6', 0.1414141414141414), ('d6e7', 0.06060606060606061)]
2025-11-15 05:23:23,947 - INFO - Move 89: Stockfish (Black) plays d1c1
2025-11-15 05:23:27,441 - INFO - Move 90: ChessEngine (White) plays b5b4 | Top MCTS moves: [('b5b4', 0.47474747474747475), ('c5d5', 0.18181818181818182), ('c5b6', 0.16161616161616163)]
2025-11-15 05:23:27,444 - INFO - Move 91: Stockfish (Black) plays a3b4
2025-11-15 05:23:30,973 - INFO - Move 92: ChessEngine (White) plays c5b4 | Top MCTS moves: [('c5b4', 0.9393939393939394), ('c5b6', 0.020202020202020204), ('c5d5', 0.020202020202020204)]
2025-11-15 05:23:30,975 - INFO - Move 93: Stockfish (Black) plays c1b1
2025-11-15 05:23:34,560 - INFO - Move 94: ChessEngine (White) plays b4c5 | Top MCTS moves: [('b4c5', 0.6666666666666666), ('b4a3', 0.24242424242424243), ('b4a5', 0.09090909090909091)]
2025-11-15 05:23:34,562 - INFO - Move 95: Stockfish (Black) plays b1b8
2025-11-15 05:23:38,858 - INFO - Move 96: ChessEngine (White) plays a4a3 | Top MCTS moves: [('a4a3', 0.3333333333333333), ('c5c6', 0.2828282828282828), ('c4c3', 0.20202020202020202)]
2025-11-15 05:23:38,860 - INFO - Move 97: Stockfish (Black) plays b8a8
2025-11-15 05:23:42,665 - INFO - Move 98: ChessEngine (White) plays c5b4 | Top MCTS moves: [('c5b4', 0.40404040404040403), ('c5d5', 0.1414141414141414), ('c5d6', 0.10101010101010101)]
2025-11-15 05:23:42,667 - INFO - Move 99: Stockfish (Black) plays a8b8
2025-11-15 05:23:46,067 - INFO - Move 100: ChessEngine (White) plays b4c5 | Top MCTS moves: [('b4c5', 0.48484848484848486), ('b4a4', 0.47474747474747475), ('b4a5', 0.04040404040404041)]
2025-11-15 05:23:46,071 - INFO - Move 101: Stockfish (Black) plays f3f4
2025-11-15 05:23:49,851 - INFO - Move 102: ChessEngine (White) plays c5c6 | Top MCTS moves: [('c5c6', 0.32323232323232326), ('c5d6', 0.30303030303030304), ('c4c3', 0.18181818181818182)]
2025-11-15 05:23:49,853 - INFO - Move 103: Stockfish (Black) plays b8c8
2025-11-15 05:23:54,141 - INFO - Move 104: ChessEngine (White) plays c6d5 | Top MCTS moves: [('c6d5', 0.2727272727272727), ('c6b7', 0.23232323232323232), ('c6b5', 0.1919191919191919)]
2025-11-15 05:23:54,143 - INFO - Move 105: Stockfish (Black) plays d2e2
2025-11-15 05:23:58,401 - INFO - Move 106: ChessEngine (White) plays d5e4 | Top MCTS moves: [('d5e4', 0.25252525252525254), ('c4c3', 0.21212121212121213), ('d5e6', 0.20202020202020202)]
2025-11-15 05:23:58,403 - INFO - Move 107: Stockfish (Black) plays f4f5
2025-11-15 05:24:01,985 - INFO - Move 108: ChessEngine (White) plays e4f4 | Top MCTS moves: [('e4f4', 0.797979797979798), ('a3a2', 0.1111111111111111), ('c4c3', 0.0707070707070707)]
2025-11-15 05:24:01,987 - INFO - Move 109: Stockfish (Black) plays c8c4
2025-11-15 05:24:04,996 - INFO - Move 110: ChessEngine (White) plays f4g3 | Top MCTS moves: [('f4g3', 1.0)]
2025-11-15 05:24:05,001 - INFO - Move 111: Stockfish (Black) plays e2e3
2025-11-15 05:24:08,425 - INFO - Move 112: ChessEngine (White) plays g3g2 | Top MCTS moves: [('g3g2', 0.5959595959595959), ('g3h4', 0.40404040404040403), ('g3h3', 0.0)]
2025-11-15 05:24:08,428 - INFO - Move 113: Stockfish (Black) plays a1c3
2025-11-15 05:24:11,755 - INFO - Move 114: ChessEngine (White) plays g2f1 | Top MCTS moves: [('g2f1', 0.5454545454545454), ('a3a2', 0.42424242424242425), ('g2g3', 0.010101010101010102)]
2025-11-15 05:24:11,757 - INFO - Move 115: Stockfish (Black) plays f5f6
2025-11-15 05:24:14,936 - INFO - Move 116: ChessEngine (White) plays f1g1 | Top MCTS moves: [('f1g1', 0.5252525252525253), ('f1g2', 0.46464646464646464), ('a3a2', 0.010101010101010102)]
2025-11-15 05:24:14,939 - INFO - Move 117: Stockfish (Black) plays f6f7
2025-11-15 05:24:18,176 - INFO - Move 118: ChessEngine (White) plays g1f1 | Top MCTS moves: [('g1f1', 0.5252525252525253), ('g1g2', 0.4444444444444444), ('g1h2', 0.010101010101010102)]
2025-11-15 05:24:18,179 - INFO - Move 119: Stockfish (Black) plays f7f8q
2025-11-15 05:24:22,013 - INFO - Move 120: ChessEngine (White) plays f1g1 | Top MCTS moves: [('f1g1', 0.5757575757575758), ('f1g2', 0.42424242424242425)]
2025-11-15 05:24:22,017 - INFO - Move 121: Stockfish (Black) plays f8f2
2025-11-15 05:24:26,148 - INFO - Move 122: ChessEngine (White) plays g1h1 | Top MCTS moves: [('g1h1', 1.0)]
2025-11-15 05:24:26,152 - INFO - Move 123: Stockfish (Black) plays f2e1
2025-11-15 05:24:28,639 - INFO - Move 124: ChessEngine (White) plays h1g2 | Top MCTS moves: [('h1g2', 0.5353535353535354), ('h1h2', 0.46464646464646464)]
2025-11-15 05:24:28,641 - INFO - Move 125: Stockfish (Black) plays e1f2
2025-11-15 05:24:31,812 - INFO - Move 126: ChessEngine (White) plays g2h1 | Top MCTS moves: [('g2h1', 0.6363636363636364), ('g2h3', 0.36363636363636365)]
2025-11-15 05:24:31,814 - INFO - Move 127: Stockfish (Black) plays f2f3
2025-11-15 05:24:34,023 - INFO - Move 128: ChessEngine (White) plays h1g1 | Top MCTS moves: [('h1g1', 0.5757575757575758), ('h1h2', 0.42424242424242425)]
2025-11-15 05:24:34,023 - INFO - Move 129: Stockfish (Black) plays f3g3
2025-11-15 05:24:36,483 - INFO - Move 130: ChessEngine (White) plays g1f1 | Top MCTS moves: [('g1f1', 0.7878787878787878), ('g1h1', 0.21212121212121213)]
2025-11-15 05:24:36,486 - INFO - Move 131: Stockfish (Black) plays g3f2
2025-11-15 05:24:36,487 - INFO - Game result: WIN
2025-11-15 05:24:36,492 - INFO - 
--- Game 5 ---
2025-11-15 05:24:38,640 - INFO - Move 1: ChessEngine (White) plays e2e4 | Top MCTS moves: [('e2e4', 0.7171717171717171), ('d2d4', 0.18181818181818182), ('g1f3', 0.020202020202020204)]
2025-11-15 05:24:38,644 - INFO - Move 2: Stockfish (Black) plays e7e5
2025-11-15 05:24:40,878 - INFO - Move 3: ChessEngine (White) plays g1f3 | Top MCTS moves: [('g1f3', 0.5050505050505051), ('f1c4', 0.16161616161616163), ('f2f4', 0.13131313131313133)]
2025-11-15 05:24:40,880 - INFO - Move 4: Stockfish (Black) plays b8c6
2025-11-15 05:24:42,977 - INFO - Move 5: ChessEngine (White) plays f1c4 | Top MCTS moves: [('f1c4', 0.3838383838383838), ('f1b5', 0.29292929292929293), ('d2d4', 0.1919191919191919)]
2025-11-15 05:24:42,980 - INFO - Move 6: Stockfish (Black) plays g8f6
2025-11-15 05:24:45,068 - INFO - Move 7: ChessEngine (White) plays d2d3 | Top MCTS moves: [('d2d3', 0.2828282828282828), ('b1c3', 0.25252525252525254), ('f3g5', 0.1414141414141414)]
2025-11-15 05:24:45,070 - INFO - Move 8: Stockfish (Black) plays d7d5
2025-11-15 05:24:47,416 - INFO - Move 9: ChessEngine (White) plays e4d5 | Top MCTS moves: [('e4d5', 0.8686868686868687), ('c4d5', 0.04040404040404041), ('c4b3', 0.04040404040404041)]
2025-11-15 05:24:47,416 - INFO - Move 10: Stockfish (Black) plays f6d5
2025-11-15 05:24:49,790 - INFO - Move 11: ChessEngine (White) plays e1g1 | Top MCTS moves: [('e1g1', 0.3838383838383838), ('h2h3', 0.10101010101010101), ('c4d5', 0.09090909090909091)]
2025-11-15 05:24:49,792 - INFO - Move 12: Stockfish (Black) plays d5b6
2025-11-15 05:24:52,324 - INFO - Move 13: ChessEngine (White) plays c4b3 | Top MCTS moves: [('c4b3', 0.3838383838383838), ('c4b5', 0.12121212121212122), ('f1e1', 0.08080808080808081)]
2025-11-15 05:24:52,326 - INFO - Move 14: Stockfish (Black) plays c8g4
2025-11-15 05:24:54,917 - INFO - Move 15: ChessEngine (White) plays h2h3 | Top MCTS moves: [('h2h3', 0.5050505050505051), ('f1e1', 0.09090909090909091), ('c1g5', 0.0707070707070707)]
2025-11-15 05:24:54,920 - INFO - Move 16: Stockfish (Black) plays g4h5
2025-11-15 05:24:57,669 - INFO - Move 17: ChessEngine (White) plays g2g4 | Top MCTS moves: [('g2g4', 0.31313131313131315), ('c1e3', 0.12121212121212122), ('f1e1', 0.1111111111111111)]
2025-11-15 05:24:57,671 - INFO - Move 18: Stockfish (Black) plays h5g6
2025-11-15 05:25:00,765 - INFO - Move 19: ChessEngine (White) plays f1e1 | Top MCTS moves: [('f1e1', 0.31313131313131315), ('c2c3', 0.10101010101010101), ('f3h4', 0.08080808080808081)]
2025-11-15 05:25:00,766 - INFO - Move 20: Stockfish (Black) plays f7f6
2025-11-15 05:25:03,652 - INFO - Move 21: ChessEngine (White) plays f3h4 | Top MCTS moves: [('f3h4', 0.29292929292929293), ('c2c3', 0.20202020202020202), ('c1e3', 0.12121212121212122)]
2025-11-15 05:25:03,653 - INFO - Move 22: Stockfish (Black) plays d8d7
2025-11-15 05:25:06,791 - INFO - Move 23: ChessEngine (White) plays h4g6 | Top MCTS moves: [('h4g6', 0.8787878787878788), ('h4f5', 0.020202020202020204), ('h4f3', 0.020202020202020204)]
2025-11-15 05:25:06,793 - INFO - Move 24: Stockfish (Black) plays h7g6
2025-11-15 05:25:09,760 - INFO - Move 25: ChessEngine (White) plays c2c3 | Top MCTS moves: [('c2c3', 0.29292929292929293), ('d1f3', 0.1717171717171717), ('c1e3', 0.1414141414141414)]
2025-11-15 05:25:09,762 - INFO - Move 26: Stockfish (Black) plays h8h3
2025-11-15 05:25:12,839 - INFO - Move 27: ChessEngine (White) plays d1f3 | Top MCTS moves: [('d1f3', 0.32323232323232326), ('c1e3', 0.23232323232323232), ('g1g2', 0.1717171717171717)]
2025-11-15 05:25:12,843 - INFO - Move 28: Stockfish (Black) plays h3f3
2025-11-15 05:25:16,355 - INFO - Move 29: ChessEngine (White) plays c1e3 | Top MCTS moves: [('c1e3', 0.47474747474747475), ('g1g2', 0.24242424242424243), ('b3g8', 0.010101010101010102)]
2025-11-15 05:25:16,357 - INFO - Move 30: Stockfish (Black) plays d7g4
2025-11-15 05:25:19,441 - INFO - Move 31: ChessEngine (White) plays g1f1 | Top MCTS moves: [('g1f1', 0.5353535353535354), ('g1h1', 0.37373737373737376), ('g1h2', 0.09090909090909091)]
2025-11-15 05:25:19,444 - INFO - Move 32: Stockfish (Black) plays g4h3
2025-11-15 05:25:22,344 - INFO - Move 33: ChessEngine (White) plays f1e2 | Top MCTS moves: [('f1e2', 0.98989898989899), ('f1g1', 0.010101010101010102)]
2025-11-15 05:25:22,345 - INFO - Move 34: Stockfish (Black) plays f3e3
2025-11-15 05:25:25,066 - INFO - Move 35: ChessEngine (White) plays f2e3 | Top MCTS moves: [('f2e3', 0.7474747474747475), ('e2d2', 0.24242424242424243), ('e2d1', 0.010101010101010102)]
2025-11-15 05:25:25,068 - INFO - Move 36: Stockfish (Black) plays h3h5
2025-11-15 05:25:28,074 - INFO - Move 37: ChessEngine (White) plays e2f2 | Top MCTS moves: [('e2f2', 0.5858585858585859), ('e2d2', 0.3333333333333333), ('e2f1', 0.08080808080808081)]
2025-11-15 05:25:28,076 - INFO - Move 38: Stockfish (Black) plays h5h2
2025-11-15 05:25:30,750 - INFO - Move 39: ChessEngine (White) plays f2f3 | Top MCTS moves: [('f2f3', 0.5656565656565656), ('f2f1', 0.43434343434343436)]
2025-11-15 05:25:30,757 - INFO - Move 40: Stockfish (Black) plays h2h3
2025-11-15 05:25:33,304 - INFO - Move 41: ChessEngine (White) plays f3e4 | Top MCTS moves: [('f3e4', 0.5656565656565656), ('f3e2', 0.3434343434343434), ('f3f2', 0.09090909090909091)]
2025-11-15 05:25:33,307 - INFO - Move 42: Stockfish (Black) plays f6f5
2025-11-15 05:25:33,309 - INFO - Game result: LOSS
2025-11-15 05:25:33,313 - INFO - 
--- Game 6 ---
2025-11-15 05:25:33,561 - INFO - Move 1: Stockfish (Black) plays e2e4
2025-11-15 05:25:35,750 - INFO - Move 2: ChessEngine (White) plays e7e5 | Top MCTS moves: [('e7e5', 0.47474747474747475), ('d7d5', 0.1414141414141414), ('c7c5', 0.12121212121212122)]
2025-11-15 05:25:35,752 - INFO - Move 3: Stockfish (Black) plays f1c4
2025-11-15 05:25:37,646 - INFO - Move 4: ChessEngine (White) plays g8f6 | Top MCTS moves: [('g8f6', 0.5656565656565656), ('b8c6', 0.18181818181818182), ('d7d6', 0.0707070707070707)]
2025-11-15 05:25:37,650 - INFO - Move 5: Stockfish (Black) plays b1c3
2025-11-15 05:25:39,609 - INFO - Move 6: ChessEngine (White) plays f6e4 | Top MCTS moves: [('f6e4', 0.1919191919191919), ('b8c6', 0.16161616161616163), ('c7c6', 0.1414141414141414)]
2025-11-15 05:25:39,610 - INFO - Move 7: Stockfish (Black) plays c3e4
2025-11-15 05:25:41,977 - INFO - Move 8: ChessEngine (White) plays d7d5 | Top MCTS moves: [('d7d5', 0.696969696969697), ('b8c6', 0.1414141414141414), ('d7d6', 0.050505050505050504)]
2025-11-15 05:25:41,979 - INFO - Move 9: Stockfish (Black) plays d1h5
2025-11-15 05:25:44,473 - INFO - Move 10: ChessEngine (White) plays d5c4 | Top MCTS moves: [('d5c4', 0.494949494949495), ('d5e4', 0.2727272727272727), ('d8e7', 0.06060606060606061)]
2025-11-15 05:25:44,475 - INFO - Move 11: Stockfish (Black) plays h5e5
2025-11-15 05:25:47,370 - INFO - Move 12: ChessEngine (White) plays f8e7 | Top MCTS moves: [('f8e7', 0.42424242424242425), ('d8e7', 0.36363636363636365), ('c8e6', 0.21212121212121213)]
2025-11-15 05:25:47,372 - INFO - Move 13: Stockfish (Black) plays e5g7
2025-11-15 05:25:49,880 - INFO - Move 14: ChessEngine (White) plays h8g8 | Top MCTS moves: [('h8g8', 0.25252525252525254), ('h8f8', 0.23232323232323232), ('c8f5', 0.1414141414141414)]
2025-11-15 05:25:49,882 - INFO - Move 15: Stockfish (Black) plays g7g8
2025-11-15 05:25:52,555 - INFO - Move 16: ChessEngine (White) plays e7f8 | Top MCTS moves: [('e7f8', 0.5151515151515151), ('e8d7', 0.48484848484848486)]
2025-11-15 05:25:52,557 - INFO - Move 17: Stockfish (Black) plays g8h7
2025-11-15 05:25:55,435 - INFO - Move 18: ChessEngine (White) plays c8f5 | Top MCTS moves: [('c8f5', 0.2727272727272727), ('b8c6', 0.20202020202020202), ('d8d4', 0.1414141414141414)]
2025-11-15 05:25:55,437 - INFO - Move 19: Stockfish (Black) plays h7f5
2025-11-15 05:25:57,816 - INFO - Move 20: ChessEngine (White) plays b8c6 | Top MCTS moves: [('b8c6', 0.2828282828282828), ('d8e7', 0.18181818181818182), ('b8d7', 0.10101010101010101)]
2025-11-15 05:25:57,818 - INFO - Move 21: Stockfish (Black) plays g1e2
2025-11-15 05:26:00,678 - INFO - Move 22: ChessEngine (White) plays d8e7 | Top MCTS moves: [('d8e7', 0.37373737373737376), ('d8d7', 0.10101010101010101), ('d8d5', 0.08080808080808081)]
2025-11-15 05:26:00,680 - INFO - Move 23: Stockfish (Black) plays a2a3
2025-11-15 05:26:03,720 - INFO - Move 24: ChessEngine (White) plays a8d8 | Top MCTS moves: [('a8d8', 0.3333333333333333), ('f8h6', 0.2222222222222222), ('f8g7', 0.10101010101010101)]
2025-11-15 05:26:03,720 - INFO - Move 25: Stockfish (Black) plays f5f3
2025-11-15 05:26:06,467 - INFO - Move 26: ChessEngine (White) plays c6e5 | Top MCTS moves: [('c6e5', 0.4444444444444444), ('f7f5', 0.16161616161616163), ('f8h6', 0.10101010101010101)]
2025-11-15 05:26:06,470 - INFO - Move 27: Stockfish (Black) plays f3h5
2025-11-15 05:26:09,446 - INFO - Move 28: ChessEngine (White) plays e5d3 | Top MCTS moves: [('e5d3', 0.2828282828282828), ('e5c6', 0.16161616161616163), ('e5g6', 0.10101010101010101)]
2025-11-15 05:26:09,447 - INFO - Move 29: Stockfish (Black) plays c2d3
2025-11-15 05:26:12,211 - INFO - Move 30: ChessEngine (White) plays c4d3 | Top MCTS moves: [('c4d3', 0.9393939393939394), ('d8d3', 0.06060606060606061), ('f8g7', 0.0)]
2025-11-15 05:26:12,213 - INFO - Move 31: Stockfish (Black) plays h5f3
2025-11-15 05:26:15,136 - INFO - Move 32: ChessEngine (White) plays d3e2 | Top MCTS moves: [('d3e2', 0.30303030303030304), ('f7f5', 0.26262626262626265), ('e7e4', 0.12121212121212122)]
2025-11-15 05:26:15,138 - INFO - Move 33: Stockfish (Black) plays f3e2
2025-11-15 05:26:17,926 - INFO - Move 34: ChessEngine (White) plays f7f5 | Top MCTS moves: [('f7f5', 0.30303030303030304), ('e7d7', 0.1919191919191919), ('f8g7', 0.10101010101010101)]
2025-11-15 05:26:17,928 - INFO - Move 35: Stockfish (Black) plays e4g5
2025-11-15 05:26:20,627 - INFO - Move 36: ChessEngine (White) plays e7e2 | Top MCTS moves: [('e7e2', 0.5959595959595959), ('f8h6', 0.10101010101010101), ('e8d7', 0.04040404040404041)]
2025-11-15 05:26:20,627 - INFO - Move 37: Stockfish (Black) plays e1e2
2025-11-15 05:26:23,578 - INFO - Move 38: ChessEngine (White) plays f8e7 | Top MCTS moves: [('f8e7', 0.21212121212121213), ('e8d7', 0.1414141414141414), ('f8h6', 0.12121212121212122)]
2025-11-15 05:26:23,578 - INFO - Move 39: Stockfish (Black) plays d2d4
2025-11-15 05:26:25,938 - INFO - Received signal 2. Finishing current game and saving...
2025-11-15 05:26:26,149 - INFO - Received signal 2. Finishing current game and saving...
2025-11-15 05:26:26,349 - INFO - Received signal 2. Finishing current game and saving...
2025-11-15 05:26:26,659 - INFO - Received signal 2. Finishing current game and saving...
2025-11-15 05:26:26,667 - INFO - Received signal 2. Finishing current game and saving...
2025-11-15 05:26:27,467 - INFO - Move 40: ChessEngine (White) plays d8d4 | Top MCTS moves: [('d8d4', 0.20202020202020202), ('e8d7', 0.1919191919191919), ('e7g5', 0.1414141414141414)]
2025-11-15 05:26:27,467 - ERROR - Error during game: engine event loop dead
2025-11-15 05:26:27,469 - INFO - Game result: DRAW
2025-11-15 05:26:27,475 - INFO - 
================================================================================
2025-11-15 05:26:27,475 - INFO - Training Complete - Final Stats
2025-11-15 05:26:27,477 - INFO - ================================================================================
2025-11-15 05:26:27,560 - INFO - Saved checkpoint: checkpoints\model_6_games_20251115_052627_final.pth
2025-11-15 05:26:27,561 - INFO - Games: 6 | Positions: 213 | Win Rate: 33.3% | W:2 B:3 D:0 | Training Steps: 0
2025-11-15 05:26:27,561 - INFO - Total time: 0.17 hours
2025-11-15 05:26:27,561 - INFO - Games per hour: 35.15
2025-11-15 05:26:27,561 - INFO - Model saved to: C:\Users\lawre\chesshacks-base\src\models\trained_model.pth
